<?xml version="1.0" encoding="utf-8"?>
<CoverageSession>
  <Summary numSequencePoints="1245" visitedSequencePoints="371" numBranchPoints="328" visitedBranchPoints="56" sequenceCoverage="29.79" branchCoverage="17.07" maxCyclomaticComplexity="519" minCyclomaticComplexity="519" visitedClasses="42" numClasses="137" visitedMethods="61" numMethods="256" />
  <Modules>
    <Module hash="ECB12D5E-9451-4706-973A-41883DAC5D2C">
      <ModulePath>Lwt.dll</ModulePath>
      <ModuleTime>2019-09-26T02:20:41</ModuleTime>
      <ModuleName>Lwt</ModuleName>
      <Files>
        <File uid="1" fullPath="/Users/hai/Code/lwt/src/Lwt/Program.cs" />
        <File uid="2" fullPath="/Users/hai/Code/lwt/src/Lwt/Startup.cs" />
        <File uid="3" fullPath="/Users/hai/Code/lwt/src/Lwt/ViewModels/TextCreateModel.cs" />
        <File uid="4" fullPath="/Users/hai/Code/lwt/src/Lwt/ViewModels/TextViewModel.cs" />
        <File uid="5" fullPath="/Users/hai/Code/lwt/src/Lwt/ViewModels/User/LoginViewModel.cs" />
        <File uid="6" fullPath="/Users/hai/Code/lwt/src/Lwt/ViewModels/User/SignUpViewModel.cs" />
        <File uid="7" fullPath="/Users/hai/Code/lwt/src/Lwt/Validators/TextValidator.cs" />
        <File uid="8" fullPath="/Users/hai/Code/lwt/src/Lwt/Utilities/AuthenticationHelper.cs" />
        <File uid="9" fullPath="/Users/hai/Code/lwt/src/Lwt/Utilities/ChineseTextSplitter.cs" />
        <File uid="10" fullPath="/Users/hai/Code/lwt/src/Lwt/Utilities/DatabaseSeeder.cs" />
        <File uid="11" fullPath="/Users/hai/Code/lwt/src/Lwt/Utilities/JapaneseTextSplitter.cs" />
        <File uid="12" fullPath="/Users/hai/Code/lwt/src/Lwt/Utilities/LanguageHelper.cs" />
        <File uid="13" fullPath="/Users/hai/Code/lwt/src/Lwt/Utilities/MongoDbIndexCreator.cs" />
        <File uid="14" fullPath="/Users/hai/Code/lwt/src/Lwt/Utilities/TokenProvider.cs" />
        <File uid="15" fullPath="/Users/hai/Code/lwt/src/Lwt/Transactions/Transaction.cs" />
        <File uid="16" fullPath="/Users/hai/Code/lwt/src/Lwt/Services/BaseMapper.cs" />
        <File uid="17" fullPath="/Users/hai/Code/lwt/src/Lwt/Services/BaseMapper{TFrom1,TFrom2,TFrom3,TTo}.cs" />
        <File uid="18" fullPath="/Users/hai/Code/lwt/src/Lwt/Services/BaseMapper{TFrom1,TFrom2,TTo}.cs" />
        <File uid="19" fullPath="/Users/hai/Code/lwt/src/Lwt/Services/TermService.cs" />
        <File uid="20" fullPath="/Users/hai/Code/lwt/src/Lwt/Services/TextService.cs" />
        <File uid="21" fullPath="/Users/hai/Code/lwt/src/Lwt/Services/UserService.cs" />
        <File uid="22" fullPath="/Users/hai/Code/lwt/src/Lwt/Repositories/BaseRepository.cs" />
        <File uid="23" fullPath="/Users/hai/Code/lwt/src/Lwt/Repositories/TermRepository.cs" />
        <File uid="24" fullPath="/Users/hai/Code/lwt/src/Lwt/Repositories/TextRepository.cs" />
        <File uid="25" fullPath="/Users/hai/Code/lwt/src/Lwt/Repositories/UserRepository.cs" />
        <File uid="26" fullPath="/Users/hai/Code/lwt/src/Lwt/Repositories/UserSettingRepository.cs" />
        <File uid="27" fullPath="/Users/hai/Code/lwt/src/Lwt/Models/AppSettings.cs" />
        <File uid="28" fullPath="/Users/hai/Code/lwt/src/Lwt/Models/Chinese.cs" />
        <File uid="29" fullPath="/Users/hai/Code/lwt/src/Lwt/Models/English.cs" />
        <File uid="30" fullPath="/Users/hai/Code/lwt/src/Lwt/Models/Entity.cs" />
        <File uid="31" fullPath="/Users/hai/Code/lwt/src/Lwt/Models/ErrorDetails.cs" />
        <File uid="32" fullPath="/Users/hai/Code/lwt/src/Lwt/Models/Japanese.cs" />
        <File uid="33" fullPath="/Users/hai/Code/lwt/src/Lwt/Models/LanguageCreateModel.cs" />
        <File uid="34" fullPath="/Users/hai/Code/lwt/src/Lwt/Models/LanguageSetting.cs" />
        <File uid="35" fullPath="/Users/hai/Code/lwt/src/Lwt/Models/LanguageViewModel.cs" />
        <File uid="36" fullPath="/Users/hai/Code/lwt/src/Lwt/Models/LoginResult.cs" />
        <File uid="37" fullPath="/Users/hai/Code/lwt/src/Lwt/Models/PaginationQuery.cs" />
        <File uid="38" fullPath="/Users/hai/Code/lwt/src/Lwt/Models/SetBookmarkModel.cs" />
        <File uid="39" fullPath="/Users/hai/Code/lwt/src/Lwt/Models/Term.cs" />
        <File uid="40" fullPath="/Users/hai/Code/lwt/src/Lwt/Models/TermCreateModel.cs" />
        <File uid="41" fullPath="/Users/hai/Code/lwt/src/Lwt/Models/TermEditModel.cs" />
        <File uid="42" fullPath="/Users/hai/Code/lwt/src/Lwt/Models/TermFilter.cs" />
        <File uid="43" fullPath="/Users/hai/Code/lwt/src/Lwt/Models/TermList.cs" />
        <File uid="44" fullPath="/Users/hai/Code/lwt/src/Lwt/Models/TermReadModel.cs" />
        <File uid="45" fullPath="/Users/hai/Code/lwt/src/Lwt/Models/TermViewModel.cs" />
        <File uid="46" fullPath="/Users/hai/Code/lwt/src/Lwt/Models/Text.cs" />
        <File uid="47" fullPath="/Users/hai/Code/lwt/src/Lwt/Models/TextEditDetailModel.cs" />
        <File uid="48" fullPath="/Users/hai/Code/lwt/src/Lwt/Models/TextEditModel.cs" />
        <File uid="49" fullPath="/Users/hai/Code/lwt/src/Lwt/Models/TextFilter.cs" />
        <File uid="50" fullPath="/Users/hai/Code/lwt/src/Lwt/Models/TextList.cs" />
        <File uid="51" fullPath="/Users/hai/Code/lwt/src/Lwt/Models/TextReadModel.cs" />
        <File uid="52" fullPath="/Users/hai/Code/lwt/src/Lwt/Models/User.cs" />
        <File uid="53" fullPath="/Users/hai/Code/lwt/src/Lwt/Models/UserChangePasswordModel.cs" />
        <File uid="54" fullPath="/Users/hai/Code/lwt/src/Lwt/Models/UserSetting.cs" />
        <File uid="55" fullPath="/Users/hai/Code/lwt/src/Lwt/Models/UserSettingUpdate.cs" />
        <File uid="56" fullPath="/Users/hai/Code/lwt/src/Lwt/Models/UserSettingView.cs" />
        <File uid="57" fullPath="/Users/hai/Code/lwt/src/Lwt/Models/UserView.cs" />
        <File uid="58" fullPath="/Users/hai/Code/lwt/src/Lwt/Models/Vietnamese.cs" />
        <File uid="59" fullPath="/Users/hai/Code/lwt/src/Lwt/Middleware/ExceptionHandleMiddleware.cs" />
        <File uid="60" fullPath="/Users/hai/Code/lwt/src/Lwt/Mappers/LanguageViewMapper.cs" />
        <File uid="61" fullPath="/Users/hai/Code/lwt/src/Lwt/Mappers/TermCreateMapper.cs" />
        <File uid="62" fullPath="/Users/hai/Code/lwt/src/Lwt/Mappers/TermEditMapper.cs" />
        <File uid="63" fullPath="/Users/hai/Code/lwt/src/Lwt/Mappers/TermViewMapper.cs" />
        <File uid="64" fullPath="/Users/hai/Code/lwt/src/Lwt/Mappers/TextCreateMapper.cs" />
        <File uid="65" fullPath="/Users/hai/Code/lwt/src/Lwt/Mappers/TextEditDetailMapper.cs" />
        <File uid="66" fullPath="/Users/hai/Code/lwt/src/Lwt/Mappers/TextEditMapper.cs" />
        <File uid="67" fullPath="/Users/hai/Code/lwt/src/Lwt/Mappers/TextViewMapper.cs" />
        <File uid="68" fullPath="/Users/hai/Code/lwt/src/Lwt/Mappers/UserSettingUpdateMapper.cs" />
        <File uid="69" fullPath="/Users/hai/Code/lwt/src/Lwt/Mappers/UserSettingViewMapper.cs" />
        <File uid="70" fullPath="/Users/hai/Code/lwt/src/Lwt/Mappers/UserViewMapper.cs" />
        <File uid="71" fullPath="/Users/hai/Code/lwt/src/Lwt/Extensions/ExpressionExtensions.cs" />
        <File uid="72" fullPath="/Users/hai/Code/lwt/src/Lwt/Exceptions/BadRequestException.cs" />
        <File uid="73" fullPath="/Users/hai/Code/lwt/src/Lwt/Exceptions/ForbiddenException.cs" />
        <File uid="74" fullPath="/Users/hai/Code/lwt/src/Lwt/Exceptions/NotFoundException.cs" />
        <File uid="75" fullPath="/Users/hai/Code/lwt/src/Lwt/DbContexts/IdentityDbContext.cs" />
        <File uid="76" fullPath="/Users/hai/Code/lwt/src/Lwt/DbContexts/LwtDbContext.cs" />
        <File uid="77" fullPath="/Users/hai/Code/lwt/src/Lwt/Controllers/LanguageController.cs" />
        <File uid="78" fullPath="/Users/hai/Code/lwt/src/Lwt/Controllers/TermController.cs" />
        <File uid="79" fullPath="/Users/hai/Code/lwt/src/Lwt/Controllers/TextController.cs" />
        <File uid="80" fullPath="/Users/hai/Code/lwt/src/Lwt/Controllers/UserController.cs" />
      </Files>
      <Classes>
        <Class>
          <Summary numSequencePoints="4" visitedSequencePoints="0" numBranchPoints="0" visitedBranchPoints="0" sequenceCoverage="0" branchCoverage="100" maxCyclomaticComplexity="1" minCyclomaticComplexity="1" visitedClasses="0" numClasses="1" visitedMethods="0" numMethods="2" />
          <FullName>Lwt.Program</FullName>
          <Methods>
            <Method cyclomaticComplexity="1" nPathComplexity="0" sequenceCoverage="0" branchCoverage="100" isConstructor="False" isGetter="False" isSetter="False" isStatic="True">
              <Summary numSequencePoints="3" visitedSequencePoints="0" numBranchPoints="0" visitedBranchPoints="0" sequenceCoverage="0" branchCoverage="100" maxCyclomaticComplexity="1" minCyclomaticComplexity="1" visitedClasses="0" numClasses="0" visitedMethods="0" numMethods="1" />
              <MetadataToken />
              <Name>System.Void Lwt.Program::Main(System.String[])</Name>
              <FileRef uid="1" />
              <SequencePoints>
                <SequencePoint vc="0" uspid="20" ordinal="0" sl="20" sc="1" el="20" ec="2" bec="0" bev="0" fileid="1" />
                <SequencePoint vc="0" uspid="21" ordinal="1" sl="21" sc="1" el="21" ec="2" bec="0" bev="0" fileid="1" />
                <SequencePoint vc="0" uspid="22" ordinal="2" sl="22" sc="1" el="22" ec="2" bec="0" bev="0" fileid="1" />
              </SequencePoints>
              <BranchPoints />
              <MethodPoint vc="0" uspid="0" p8:type="SequencePoint" ordinal="0" offset="0" sc="0" sl="20" ec="1" el="22" bec="0" bev="0" fileid="1" xmlns:p8="xsi" />
            </Method>
            <Method cyclomaticComplexity="1" nPathComplexity="0" sequenceCoverage="0" branchCoverage="100" isConstructor="False" isGetter="False" isSetter="False" isStatic="True">
              <Summary numSequencePoints="1" visitedSequencePoints="0" numBranchPoints="0" visitedBranchPoints="0" sequenceCoverage="0" branchCoverage="100" maxCyclomaticComplexity="1" minCyclomaticComplexity="1" visitedClasses="0" numClasses="0" visitedMethods="0" numMethods="1" />
              <MetadataToken />
              <Name>Microsoft.AspNetCore.Hosting.IWebHost Lwt.Program::BuildWebHost(System.String[])</Name>
              <FileRef uid="1" />
              <SequencePoints>
                <SequencePoint vc="0" uspid="30" ordinal="0" sl="30" sc="1" el="30" ec="2" bec="0" bev="0" fileid="1" />
              </SequencePoints>
              <BranchPoints />
              <MethodPoint vc="0" uspid="0" p8:type="SequencePoint" ordinal="1" offset="1" sc="0" sl="30" ec="1" el="30" bec="0" bev="0" fileid="1" xmlns:p8="xsi" />
            </Method>
          </Methods>
        </Class>
        <Class>
          <Summary numSequencePoints="130" visitedSequencePoints="118" numBranchPoints="18" visitedBranchPoints="14" sequenceCoverage="90.76" branchCoverage="77.77" maxCyclomaticComplexity="12" minCyclomaticComplexity="1" visitedClasses="1" numClasses="1" visitedMethods="5" numMethods="6" />
          <FullName>Lwt.Startup</FullName>
          <Methods>
            <Method cyclomaticComplexity="1" nPathComplexity="0" sequenceCoverage="100" branchCoverage="100" isConstructor="False" isGetter="True" isSetter="False" isStatic="True">
              <Summary numSequencePoints="1" visitedSequencePoints="1" numBranchPoints="0" visitedBranchPoints="0" sequenceCoverage="100" branchCoverage="100" maxCyclomaticComplexity="1" minCyclomaticComplexity="1" visitedClasses="0" numClasses="0" visitedMethods="1" numMethods="1" />
              <MetadataToken />
              <Name>Microsoft.Extensions.Configuration.IConfiguration Lwt.Startup::get_Configuration()</Name>
              <FileRef uid="2" />
              <SequencePoints>
                <SequencePoint vc="1" uspid="46" ordinal="0" sl="46" sc="1" el="46" ec="2" bec="0" bev="0" fileid="2" />
              </SequencePoints>
              <BranchPoints />
              <MethodPoint vc="1" uspid="0" p8:type="SequencePoint" ordinal="0" offset="0" sc="0" sl="46" ec="1" el="46" bec="0" bev="0" fileid="2" xmlns:p8="xsi" />
            </Method>
            <Method cyclomaticComplexity="12" nPathComplexity="0" sequenceCoverage="100" branchCoverage="100" isConstructor="False" isGetter="False" isSetter="False" isStatic="True">
              <Summary numSequencePoints="63" visitedSequencePoints="63" numBranchPoints="12" visitedBranchPoints="12" sequenceCoverage="100" branchCoverage="100" maxCyclomaticComplexity="12" minCyclomaticComplexity="12" visitedClasses="0" numClasses="0" visitedMethods="1" numMethods="1" />
              <MetadataToken />
              <Name>System.Void Lwt.Startup::ConfigureServices(Microsoft.Extensions.DependencyInjection.IServiceCollection)</Name>
              <FileRef uid="2" />
              <SequencePoints>
                <SequencePoint vc="1" uspid="54" ordinal="0" sl="54" sc="1" el="54" ec="2" bec="0" bev="0" fileid="2" />
                <SequencePoint vc="1" uspid="55" ordinal="1" sl="55" sc="1" el="55" ec="2" bec="0" bev="0" fileid="2" />
                <SequencePoint vc="1" uspid="56" ordinal="2" sl="56" sc="1" el="56" ec="2" bec="0" bev="0" fileid="2" />
                <SequencePoint vc="1" uspid="57" ordinal="3" sl="57" sc="1" el="57" ec="2" bec="0" bev="0" fileid="2" />
                <SequencePoint vc="2" uspid="58" ordinal="4" sl="58" sc="1" el="58" ec="2" bec="0" bev="0" fileid="2" />
                <SequencePoint vc="1" uspid="60" ordinal="5" sl="60" sc="1" el="60" ec="2" bec="0" bev="0" fileid="2" />
                <SequencePoint vc="1" uspid="62" ordinal="6" sl="62" sc="1" el="62" ec="2" bec="0" bev="0" fileid="2" />
                <SequencePoint vc="2" uspid="63" ordinal="7" sl="63" sc="1" el="63" ec="2" bec="0" bev="0" fileid="2" />
                <SequencePoint vc="1" uspid="64" ordinal="8" sl="64" sc="1" el="64" ec="2" bec="0" bev="0" fileid="2" />
                <SequencePoint vc="1" uspid="67" ordinal="9" sl="67" sc="1" el="67" ec="2" bec="0" bev="0" fileid="2" />
                <SequencePoint vc="1" uspid="69" ordinal="10" sl="69" sc="1" el="69" ec="2" bec="0" bev="0" fileid="2" />
                <SequencePoint vc="1" uspid="70" ordinal="11" sl="70" sc="1" el="70" ec="2" bec="0" bev="0" fileid="2" />
                <SequencePoint vc="1" uspid="71" ordinal="12" sl="71" sc="1" el="71" ec="2" bec="0" bev="0" fileid="2" />
                <SequencePoint vc="1" uspid="73" ordinal="13" sl="73" sc="1" el="73" ec="2" bec="0" bev="0" fileid="2" />
                <SequencePoint vc="1" uspid="75" ordinal="14" sl="75" sc="1" el="75" ec="2" bec="0" bev="0" fileid="2" />
                <SequencePoint vc="1" uspid="76" ordinal="15" sl="76" sc="1" el="76" ec="2" bec="0" bev="0" fileid="2" />
                <SequencePoint vc="1" uspid="77" ordinal="16" sl="77" sc="1" el="77" ec="2" bec="0" bev="0" fileid="2" />
                <SequencePoint vc="1" uspid="78" ordinal="17" sl="78" sc="1" el="78" ec="2" bec="0" bev="0" fileid="2" />
                <SequencePoint vc="1" uspid="79" ordinal="18" sl="79" sc="1" el="79" ec="2" bec="0" bev="0" fileid="2" />
                <SequencePoint vc="1" uspid="80" ordinal="19" sl="80" sc="1" el="80" ec="2" bec="0" bev="0" fileid="2" />
                <SequencePoint vc="1" uspid="81" ordinal="20" sl="81" sc="1" el="81" ec="2" bec="0" bev="0" fileid="2" />
                <SequencePoint vc="1" uspid="82" ordinal="21" sl="82" sc="1" el="82" ec="2" bec="0" bev="0" fileid="2" />
                <SequencePoint vc="1" uspid="83" ordinal="22" sl="83" sc="1" el="83" ec="2" bec="0" bev="0" fileid="2" />
                <SequencePoint vc="1" uspid="84" ordinal="23" sl="84" sc="1" el="84" ec="2" bec="0" bev="0" fileid="2" />
                <SequencePoint vc="1" uspid="85" ordinal="24" sl="85" sc="1" el="85" ec="2" bec="0" bev="0" fileid="2" />
                <SequencePoint vc="1" uspid="86" ordinal="25" sl="86" sc="1" el="86" ec="2" bec="0" bev="0" fileid="2" />
                <SequencePoint vc="1" uspid="87" ordinal="26" sl="87" sc="1" el="87" ec="2" bec="0" bev="0" fileid="2" />
                <SequencePoint vc="1" uspid="88" ordinal="27" sl="88" sc="1" el="88" ec="2" bec="0" bev="0" fileid="2" />
                <SequencePoint vc="1" uspid="89" ordinal="28" sl="89" sc="1" el="89" ec="2" bec="0" bev="0" fileid="2" />
                <SequencePoint vc="1" uspid="90" ordinal="29" sl="90" sc="1" el="90" ec="2" bec="0" bev="0" fileid="2" />
                <SequencePoint vc="1" uspid="91" ordinal="30" sl="91" sc="1" el="91" ec="2" bec="0" bev="0" fileid="2" />
                <SequencePoint vc="1" uspid="92" ordinal="31" sl="92" sc="1" el="92" ec="2" bec="0" bev="0" fileid="2" />
                <SequencePoint vc="1" uspid="93" ordinal="32" sl="93" sc="1" el="93" ec="2" bec="0" bev="0" fileid="2" />
                <SequencePoint vc="1" uspid="95" ordinal="33" sl="95" sc="1" el="95" ec="2" bec="0" bev="0" fileid="2" />
                <SequencePoint vc="1" uspid="96" ordinal="34" sl="96" sc="1" el="96" ec="2" bec="0" bev="0" fileid="2" />
                <SequencePoint vc="2" uspid="97" ordinal="35" sl="97" sc="1" el="97" ec="2" bec="0" bev="0" fileid="2" />
                <SequencePoint vc="2" uspid="98" ordinal="36" sl="98" sc="1" el="98" ec="2" bec="0" bev="0" fileid="2" />
                <SequencePoint vc="2" uspid="99" ordinal="37" sl="99" sc="1" el="99" ec="2" bec="0" bev="0" fileid="2" />
                <SequencePoint vc="2" uspid="100" ordinal="38" sl="100" sc="1" el="100" ec="2" bec="0" bev="0" fileid="2" />
                <SequencePoint vc="2" uspid="101" ordinal="39" sl="101" sc="1" el="101" ec="2" bec="0" bev="0" fileid="2" />
                <SequencePoint vc="2" uspid="102" ordinal="40" sl="102" sc="1" el="102" ec="2" bec="0" bev="0" fileid="2" />
                <SequencePoint vc="2" uspid="103" ordinal="41" sl="103" sc="1" el="103" ec="2" bec="0" bev="0" fileid="2" />
                <SequencePoint vc="1" uspid="106" ordinal="42" sl="106" sc="1" el="106" ec="2" bec="0" bev="0" fileid="2" />
                <SequencePoint vc="1" uspid="109" ordinal="43" sl="109" sc="1" el="109" ec="2" bec="0" bev="0" fileid="2" />
                <SequencePoint vc="1" uspid="112" ordinal="44" sl="112" sc="1" el="112" ec="2" bec="0" bev="0" fileid="2" />
                <SequencePoint vc="1" uspid="115" ordinal="45" sl="115" sc="1" el="115" ec="2" bec="0" bev="0" fileid="2" />
                <SequencePoint vc="1" uspid="116" ordinal="46" sl="116" sc="1" el="116" ec="2" bec="0" bev="0" fileid="2" />
                <SequencePoint vc="1" uspid="117" ordinal="47" sl="117" sc="1" el="117" ec="2" bec="0" bev="0" fileid="2" />
                <SequencePoint vc="1" uspid="120" ordinal="48" sl="120" sc="1" el="120" ec="2" bec="0" bev="0" fileid="2" />
                <SequencePoint vc="1" uspid="121" ordinal="49" sl="121" sc="1" el="121" ec="2" bec="0" bev="0" fileid="2" />
                <SequencePoint vc="1" uspid="122" ordinal="50" sl="122" sc="1" el="122" ec="2" bec="0" bev="0" fileid="2" />
                <SequencePoint vc="1" uspid="125" ordinal="51" sl="125" sc="1" el="125" ec="2" bec="0" bev="0" fileid="2" />
                <SequencePoint vc="1" uspid="128" ordinal="52" sl="128" sc="1" el="128" ec="2" bec="0" bev="0" fileid="2" />
                <SequencePoint vc="1" uspid="129" ordinal="53" sl="129" sc="1" el="129" ec="2" bec="0" bev="0" fileid="2" />
                <SequencePoint vc="1" uspid="132" ordinal="54" sl="132" sc="1" el="132" ec="2" bec="0" bev="0" fileid="2" />
                <SequencePoint vc="1" uspid="133" ordinal="55" sl="133" sc="1" el="133" ec="2" bec="0" bev="0" fileid="2" />
                <SequencePoint vc="1" uspid="134" ordinal="56" sl="134" sc="1" el="134" ec="2" bec="0" bev="0" fileid="2" />
                <SequencePoint vc="1" uspid="137" ordinal="57" sl="137" sc="1" el="137" ec="2" bec="0" bev="0" fileid="2" />
                <SequencePoint vc="1" uspid="140" ordinal="58" sl="140" sc="1" el="140" ec="2" bec="0" bev="0" fileid="2" />
                <SequencePoint vc="1" uspid="141" ordinal="59" sl="141" sc="1" el="141" ec="2" bec="0" bev="0" fileid="2" />
                <SequencePoint vc="1" uspid="142" ordinal="60" sl="142" sc="1" el="142" ec="2" bec="0" bev="0" fileid="2" />
                <SequencePoint vc="1" uspid="145" ordinal="61" sl="145" sc="1" el="145" ec="2" bec="0" bev="0" fileid="2" />
                <SequencePoint vc="1" uspid="146" ordinal="62" sl="146" sc="1" el="146" ec="2" bec="0" bev="0" fileid="2" />
              </SequencePoints>
              <BranchPoints>
                <BranchPoint vc="1" uspid="55" ordinal="0" path="0" offset="14" offsetend="16" sl="55" fileid="2" />
                <BranchPoint vc="1" uspid="55" ordinal="1" path="1" offset="14" offsetend="39" sl="55" fileid="2" />
                <BranchPoint vc="1" uspid="55" ordinal="2" path="0" offset="55" offsetend="57" sl="55" fileid="2" />
                <BranchPoint vc="1" uspid="55" ordinal="3" path="1" offset="55" offsetend="80" sl="55" fileid="2" />
                <BranchPoint vc="1" uspid="63" ordinal="4" path="0" offset="112" offsetend="114" sl="63" fileid="2" />
                <BranchPoint vc="1" uspid="63" ordinal="5" path="1" offset="112" offsetend="137" sl="63" fileid="2" />
                <BranchPoint vc="1" uspid="75" ordinal="6" path="0" offset="230" offsetend="232" sl="75" fileid="2" />
                <BranchPoint vc="1" uspid="75" ordinal="7" path="1" offset="230" offsetend="255" sl="75" fileid="2" />
                <BranchPoint vc="1" uspid="95" ordinal="8" path="0" offset="285" offsetend="287" sl="95" fileid="2" />
                <BranchPoint vc="1" uspid="95" ordinal="9" path="1" offset="285" offsetend="310" sl="95" fileid="2" />
                <BranchPoint vc="1" uspid="141" ordinal="10" path="0" offset="442" offsetend="444" sl="141" fileid="2" />
                <BranchPoint vc="1" uspid="141" ordinal="11" path="1" offset="442" offsetend="467" sl="141" fileid="2" />
              </BranchPoints>
              <MethodPoint vc="63" uspid="0" p8:type="SequencePoint" ordinal="1" offset="1" sc="0" sl="54" ec="1" el="146" bec="0" bev="0" fileid="2" xmlns:p8="xsi" />
            </Method>
            <Method cyclomaticComplexity="4" nPathComplexity="0" sequenceCoverage="0" branchCoverage="0" isConstructor="False" isGetter="False" isSetter="False" isStatic="True">
              <Summary numSequencePoints="12" visitedSequencePoints="0" numBranchPoints="4" visitedBranchPoints="0" sequenceCoverage="0" branchCoverage="0" maxCyclomaticComplexity="4" minCyclomaticComplexity="4" visitedClasses="0" numClasses="0" visitedMethods="0" numMethods="1" />
              <MetadataToken />
              <Name>System.Void Lwt.Startup::Configure(Microsoft.AspNetCore.Builder.IApplicationBuilder,Lwt.Interfaces.IDatabaseSeeder,Lwt.Interfaces.IIndexCreator)</Name>
              <FileRef uid="2" />
              <SequencePoints>
                <SequencePoint vc="0" uspid="157" ordinal="0" sl="157" sc="1" el="157" ec="2" bec="0" bev="0" fileid="2" />
                <SequencePoint vc="0" uspid="164" ordinal="1" sl="164" sc="1" el="164" ec="2" bec="0" bev="0" fileid="2" />
                <SequencePoint vc="0" uspid="165" ordinal="2" sl="165" sc="1" el="165" ec="2" bec="0" bev="0" fileid="2" />
                <SequencePoint vc="0" uspid="167" ordinal="3" sl="167" sc="1" el="167" ec="2" bec="0" bev="0" fileid="2" />
                <SequencePoint vc="0" uspid="168" ordinal="4" sl="168" sc="1" el="168" ec="2" bec="0" bev="0" fileid="2" />
                <SequencePoint vc="0" uspid="169" ordinal="5" sl="169" sc="1" el="169" ec="2" bec="0" bev="0" fileid="2" />
                <SequencePoint vc="0" uspid="170" ordinal="6" sl="170" sc="1" el="170" ec="2" bec="0" bev="0" fileid="2" />
                <SequencePoint vc="0" uspid="171" ordinal="7" sl="171" sc="1" el="171" ec="2" bec="0" bev="0" fileid="2" />
                <SequencePoint vc="0" uspid="172" ordinal="8" sl="172" sc="1" el="172" ec="2" bec="0" bev="0" fileid="2" />
                <SequencePoint vc="0" uspid="173" ordinal="9" sl="173" sc="1" el="173" ec="2" bec="0" bev="0" fileid="2" />
                <SequencePoint vc="0" uspid="174" ordinal="10" sl="174" sc="1" el="174" ec="2" bec="0" bev="0" fileid="2" />
                <SequencePoint vc="0" uspid="175" ordinal="11" sl="175" sc="1" el="175" ec="2" bec="0" bev="0" fileid="2" />
              </SequencePoints>
              <BranchPoints>
                <BranchPoint vc="0" uspid="167" ordinal="0" path="0" offset="22" offsetend="24" sl="167" fileid="2" />
                <BranchPoint vc="0" uspid="167" ordinal="1" path="1" offset="22" offsetend="47" sl="167" fileid="2" />
                <BranchPoint vc="0" uspid="172" ordinal="2" path="0" offset="94" offsetend="96" sl="172" fileid="2" />
                <BranchPoint vc="0" uspid="172" ordinal="3" path="1" offset="94" offsetend="119" sl="172" fileid="2" />
              </BranchPoints>
              <MethodPoint vc="0" uspid="0" p8:type="SequencePoint" ordinal="2" offset="2" sc="0" sl="157" ec="1" el="175" bec="0" bev="0" fileid="2" xmlns:p8="xsi" />
            </Method>
            <Method cyclomaticComplexity="2" nPathComplexity="0" sequenceCoverage="100" branchCoverage="100" isConstructor="False" isGetter="False" isSetter="False" isStatic="True">
              <Summary numSequencePoints="35" visitedSequencePoints="35" numBranchPoints="2" visitedBranchPoints="2" sequenceCoverage="100" branchCoverage="100" maxCyclomaticComplexity="2" minCyclomaticComplexity="2" visitedClasses="0" numClasses="0" visitedMethods="1" numMethods="1" />
              <MetadataToken />
              <Name>System.Void Lwt.Startup::RegisterSwaggerGen(Microsoft.Extensions.DependencyInjection.IServiceCollection)</Name>
              <FileRef uid="2" />
              <SequencePoints>
                <SequencePoint vc="1" uspid="178" ordinal="0" sl="178" sc="1" el="178" ec="2" bec="0" bev="0" fileid="2" />
                <SequencePoint vc="1" uspid="179" ordinal="1" sl="179" sc="1" el="179" ec="2" bec="0" bev="0" fileid="2" />
                <SequencePoint vc="1" uspid="180" ordinal="2" sl="180" sc="1" el="180" ec="2" bec="0" bev="0" fileid="2" />
                <SequencePoint vc="1" uspid="181" ordinal="3" sl="181" sc="1" el="181" ec="2" bec="0" bev="0" fileid="2" />
                <SequencePoint vc="1" uspid="182" ordinal="4" sl="182" sc="1" el="182" ec="2" bec="0" bev="0" fileid="2" />
                <SequencePoint vc="1" uspid="183" ordinal="5" sl="183" sc="1" el="183" ec="2" bec="0" bev="0" fileid="2" />
                <SequencePoint vc="1" uspid="184" ordinal="6" sl="184" sc="1" el="184" ec="2" bec="0" bev="0" fileid="2" />
                <SequencePoint vc="1" uspid="185" ordinal="7" sl="185" sc="1" el="185" ec="2" bec="0" bev="0" fileid="2" />
                <SequencePoint vc="1" uspid="186" ordinal="8" sl="186" sc="1" el="186" ec="2" bec="0" bev="0" fileid="2" />
                <SequencePoint vc="1" uspid="187" ordinal="9" sl="187" sc="1" el="187" ec="2" bec="0" bev="0" fileid="2" />
                <SequencePoint vc="1" uspid="188" ordinal="10" sl="188" sc="1" el="188" ec="2" bec="0" bev="0" fileid="2" />
                <SequencePoint vc="1" uspid="189" ordinal="11" sl="189" sc="1" el="189" ec="2" bec="0" bev="0" fileid="2" />
                <SequencePoint vc="1" uspid="190" ordinal="12" sl="190" sc="1" el="190" ec="2" bec="0" bev="0" fileid="2" />
                <SequencePoint vc="1" uspid="191" ordinal="13" sl="191" sc="1" el="191" ec="2" bec="0" bev="0" fileid="2" />
                <SequencePoint vc="1" uspid="192" ordinal="14" sl="192" sc="1" el="192" ec="2" bec="0" bev="0" fileid="2" />
                <SequencePoint vc="1" uspid="193" ordinal="15" sl="193" sc="1" el="193" ec="2" bec="0" bev="0" fileid="2" />
                <SequencePoint vc="1" uspid="194" ordinal="16" sl="194" sc="1" el="194" ec="2" bec="0" bev="0" fileid="2" />
                <SequencePoint vc="1" uspid="195" ordinal="17" sl="195" sc="1" el="195" ec="2" bec="0" bev="0" fileid="2" />
                <SequencePoint vc="1" uspid="196" ordinal="18" sl="196" sc="1" el="196" ec="2" bec="0" bev="0" fileid="2" />
                <SequencePoint vc="1" uspid="197" ordinal="19" sl="197" sc="1" el="197" ec="2" bec="0" bev="0" fileid="2" />
                <SequencePoint vc="1" uspid="198" ordinal="20" sl="198" sc="1" el="198" ec="2" bec="0" bev="0" fileid="2" />
                <SequencePoint vc="1" uspid="199" ordinal="21" sl="199" sc="1" el="199" ec="2" bec="0" bev="0" fileid="2" />
                <SequencePoint vc="1" uspid="200" ordinal="22" sl="200" sc="1" el="200" ec="2" bec="0" bev="0" fileid="2" />
                <SequencePoint vc="1" uspid="201" ordinal="23" sl="201" sc="1" el="201" ec="2" bec="0" bev="0" fileid="2" />
                <SequencePoint vc="1" uspid="202" ordinal="24" sl="202" sc="1" el="202" ec="2" bec="0" bev="0" fileid="2" />
                <SequencePoint vc="1" uspid="203" ordinal="25" sl="203" sc="1" el="203" ec="2" bec="0" bev="0" fileid="2" />
                <SequencePoint vc="1" uspid="204" ordinal="26" sl="204" sc="1" el="204" ec="2" bec="0" bev="0" fileid="2" />
                <SequencePoint vc="1" uspid="205" ordinal="27" sl="205" sc="1" el="205" ec="2" bec="0" bev="0" fileid="2" />
                <SequencePoint vc="1" uspid="206" ordinal="28" sl="206" sc="1" el="206" ec="2" bec="0" bev="0" fileid="2" />
                <SequencePoint vc="1" uspid="207" ordinal="29" sl="207" sc="1" el="207" ec="2" bec="0" bev="0" fileid="2" />
                <SequencePoint vc="1" uspid="208" ordinal="30" sl="208" sc="1" el="208" ec="2" bec="0" bev="0" fileid="2" />
                <SequencePoint vc="1" uspid="209" ordinal="31" sl="209" sc="1" el="209" ec="2" bec="0" bev="0" fileid="2" />
                <SequencePoint vc="1" uspid="210" ordinal="32" sl="210" sc="1" el="210" ec="2" bec="0" bev="0" fileid="2" />
                <SequencePoint vc="1" uspid="211" ordinal="33" sl="211" sc="1" el="211" ec="2" bec="0" bev="0" fileid="2" />
                <SequencePoint vc="1" uspid="212" ordinal="34" sl="212" sc="1" el="212" ec="2" bec="0" bev="0" fileid="2" />
              </SequencePoints>
              <BranchPoints>
                <BranchPoint vc="1" uspid="179" ordinal="0" path="0" offset="8" offsetend="10" sl="179" fileid="2" />
                <BranchPoint vc="1" uspid="179" ordinal="1" path="1" offset="8" offsetend="33" sl="179" fileid="2" />
              </BranchPoints>
              <MethodPoint vc="35" uspid="0" p8:type="SequencePoint" ordinal="3" offset="3" sc="0" sl="178" ec="1" el="212" bec="0" bev="0" fileid="2" xmlns:p8="xsi" />
            </Method>
            <Method cyclomaticComplexity="1" nPathComplexity="0" sequenceCoverage="100" branchCoverage="100" isConstructor="False" isGetter="False" isSetter="False" isStatic="True">
              <Summary numSequencePoints="15" visitedSequencePoints="15" numBranchPoints="0" visitedBranchPoints="0" sequenceCoverage="100" branchCoverage="100" maxCyclomaticComplexity="1" minCyclomaticComplexity="1" visitedClasses="0" numClasses="0" visitedMethods="1" numMethods="1" />
              <MetadataToken />
              <Name>System.Void Lwt.Startup::RegisterMappers(Microsoft.Extensions.DependencyInjection.IServiceCollection)</Name>
              <FileRef uid="2" />
              <SequencePoints>
                <SequencePoint vc="1" uspid="215" ordinal="0" sl="215" sc="1" el="215" ec="2" bec="0" bev="0" fileid="2" />
                <SequencePoint vc="1" uspid="216" ordinal="1" sl="216" sc="1" el="216" ec="2" bec="0" bev="0" fileid="2" />
                <SequencePoint vc="1" uspid="217" ordinal="2" sl="217" sc="1" el="217" ec="2" bec="0" bev="0" fileid="2" />
                <SequencePoint vc="1" uspid="218" ordinal="3" sl="218" sc="1" el="218" ec="2" bec="0" bev="0" fileid="2" />
                <SequencePoint vc="1" uspid="219" ordinal="4" sl="219" sc="1" el="219" ec="2" bec="0" bev="0" fileid="2" />
                <SequencePoint vc="1" uspid="220" ordinal="5" sl="220" sc="1" el="220" ec="2" bec="0" bev="0" fileid="2" />
                <SequencePoint vc="1" uspid="221" ordinal="6" sl="221" sc="1" el="221" ec="2" bec="0" bev="0" fileid="2" />
                <SequencePoint vc="1" uspid="222" ordinal="7" sl="222" sc="1" el="222" ec="2" bec="0" bev="0" fileid="2" />
                <SequencePoint vc="1" uspid="223" ordinal="8" sl="223" sc="1" el="223" ec="2" bec="0" bev="0" fileid="2" />
                <SequencePoint vc="1" uspid="224" ordinal="9" sl="224" sc="1" el="224" ec="2" bec="0" bev="0" fileid="2" />
                <SequencePoint vc="1" uspid="225" ordinal="10" sl="225" sc="1" el="225" ec="2" bec="0" bev="0" fileid="2" />
                <SequencePoint vc="1" uspid="226" ordinal="11" sl="226" sc="1" el="226" ec="2" bec="0" bev="0" fileid="2" />
                <SequencePoint vc="1" uspid="227" ordinal="12" sl="227" sc="1" el="227" ec="2" bec="0" bev="0" fileid="2" />
                <SequencePoint vc="1" uspid="228" ordinal="13" sl="228" sc="1" el="228" ec="2" bec="0" bev="0" fileid="2" />
                <SequencePoint vc="1" uspid="229" ordinal="14" sl="229" sc="1" el="229" ec="2" bec="0" bev="0" fileid="2" />
              </SequencePoints>
              <BranchPoints />
              <MethodPoint vc="15" uspid="0" p8:type="SequencePoint" ordinal="4" offset="4" sc="0" sl="215" ec="1" el="229" bec="0" bev="0" fileid="2" xmlns:p8="xsi" />
            </Method>
            <Method cyclomaticComplexity="1" nPathComplexity="0" sequenceCoverage="100" branchCoverage="100" isConstructor="True" isGetter="False" isSetter="False" isStatic="True">
              <Summary numSequencePoints="4" visitedSequencePoints="4" numBranchPoints="0" visitedBranchPoints="0" sequenceCoverage="100" branchCoverage="100" maxCyclomaticComplexity="1" minCyclomaticComplexity="1" visitedClasses="0" numClasses="0" visitedMethods="1" numMethods="1" />
              <MetadataToken />
              <Name>System.Void Lwt.Startup::.ctor(Microsoft.Extensions.Configuration.IConfiguration)</Name>
              <FileRef uid="2" />
              <SequencePoints>
                <SequencePoint vc="1" uspid="38" ordinal="0" sl="38" sc="1" el="38" ec="2" bec="0" bev="0" fileid="2" />
                <SequencePoint vc="1" uspid="39" ordinal="1" sl="39" sc="1" el="39" ec="2" bec="0" bev="0" fileid="2" />
                <SequencePoint vc="1" uspid="40" ordinal="2" sl="40" sc="1" el="40" ec="2" bec="0" bev="0" fileid="2" />
                <SequencePoint vc="1" uspid="41" ordinal="3" sl="41" sc="1" el="41" ec="2" bec="0" bev="0" fileid="2" />
              </SequencePoints>
              <BranchPoints />
              <MethodPoint vc="4" uspid="0" p8:type="SequencePoint" ordinal="5" offset="5" sc="0" sl="38" ec="1" el="41" bec="0" bev="0" fileid="2" xmlns:p8="xsi" />
            </Method>
          </Methods>
        </Class>
        <Class>
          <Summary numSequencePoints="3" visitedSequencePoints="0" numBranchPoints="0" visitedBranchPoints="0" sequenceCoverage="0" branchCoverage="100" maxCyclomaticComplexity="1" minCyclomaticComplexity="1" visitedClasses="0" numClasses="1" visitedMethods="0" numMethods="3" />
          <FullName>Lwt.ViewModels.TextCreateModel</FullName>
          <Methods>
            <Method cyclomaticComplexity="1" nPathComplexity="0" sequenceCoverage="0" branchCoverage="100" isConstructor="False" isGetter="True" isSetter="False" isStatic="True">
              <Summary numSequencePoints="1" visitedSequencePoints="0" numBranchPoints="0" visitedBranchPoints="0" sequenceCoverage="0" branchCoverage="100" maxCyclomaticComplexity="1" minCyclomaticComplexity="1" visitedClasses="0" numClasses="0" visitedMethods="0" numMethods="1" />
              <MetadataToken />
              <Name>System.String Lwt.ViewModels.TextCreateModel::get_Title()</Name>
              <FileRef uid="3" />
              <SequencePoints>
                <SequencePoint vc="0" uspid="13" ordinal="0" sl="13" sc="1" el="13" ec="2" bec="0" bev="0" fileid="3" />
              </SequencePoints>
              <BranchPoints />
              <MethodPoint vc="0" uspid="0" p8:type="SequencePoint" ordinal="0" offset="0" sc="0" sl="13" ec="1" el="13" bec="0" bev="0" fileid="3" xmlns:p8="xsi" />
            </Method>
            <Method cyclomaticComplexity="1" nPathComplexity="0" sequenceCoverage="0" branchCoverage="100" isConstructor="False" isGetter="True" isSetter="False" isStatic="True">
              <Summary numSequencePoints="1" visitedSequencePoints="0" numBranchPoints="0" visitedBranchPoints="0" sequenceCoverage="0" branchCoverage="100" maxCyclomaticComplexity="1" minCyclomaticComplexity="1" visitedClasses="0" numClasses="0" visitedMethods="0" numMethods="1" />
              <MetadataToken />
              <Name>System.String Lwt.ViewModels.TextCreateModel::get_Content()</Name>
              <FileRef uid="3" />
              <SequencePoints>
                <SequencePoint vc="0" uspid="18" ordinal="0" sl="18" sc="1" el="18" ec="2" bec="0" bev="0" fileid="3" />
              </SequencePoints>
              <BranchPoints />
              <MethodPoint vc="0" uspid="0" p8:type="SequencePoint" ordinal="1" offset="1" sc="0" sl="18" ec="1" el="18" bec="0" bev="0" fileid="3" xmlns:p8="xsi" />
            </Method>
            <Method cyclomaticComplexity="1" nPathComplexity="0" sequenceCoverage="0" branchCoverage="100" isConstructor="False" isGetter="True" isSetter="False" isStatic="True">
              <Summary numSequencePoints="1" visitedSequencePoints="0" numBranchPoints="0" visitedBranchPoints="0" sequenceCoverage="0" branchCoverage="100" maxCyclomaticComplexity="1" minCyclomaticComplexity="1" visitedClasses="0" numClasses="0" visitedMethods="0" numMethods="1" />
              <MetadataToken />
              <Name>Lwt.Models.Language Lwt.ViewModels.TextCreateModel::get_Language()</Name>
              <FileRef uid="3" />
              <SequencePoints>
                <SequencePoint vc="0" uspid="23" ordinal="0" sl="23" sc="1" el="23" ec="2" bec="0" bev="0" fileid="3" />
              </SequencePoints>
              <BranchPoints />
              <MethodPoint vc="0" uspid="0" p8:type="SequencePoint" ordinal="2" offset="2" sc="0" sl="23" ec="1" el="23" bec="0" bev="0" fileid="3" xmlns:p8="xsi" />
            </Method>
          </Methods>
        </Class>
        <Class>
          <Summary numSequencePoints="8" visitedSequencePoints="0" numBranchPoints="0" visitedBranchPoints="0" sequenceCoverage="0" branchCoverage="100" maxCyclomaticComplexity="1" minCyclomaticComplexity="1" visitedClasses="0" numClasses="1" visitedMethods="0" numMethods="5" />
          <FullName>Lwt.ViewModels.TextViewModel</FullName>
          <Methods>
            <Method cyclomaticComplexity="1" nPathComplexity="0" sequenceCoverage="0" branchCoverage="100" isConstructor="False" isGetter="True" isSetter="False" isStatic="True">
              <Summary numSequencePoints="1" visitedSequencePoints="0" numBranchPoints="0" visitedBranchPoints="0" sequenceCoverage="0" branchCoverage="100" maxCyclomaticComplexity="1" minCyclomaticComplexity="1" visitedClasses="0" numClasses="0" visitedMethods="0" numMethods="1" />
              <MetadataToken />
              <Name>System.String Lwt.ViewModels.TextViewModel::get_Title()</Name>
              <FileRef uid="4" />
              <SequencePoints>
                <SequencePoint vc="0" uspid="23" ordinal="0" sl="23" sc="1" el="23" ec="2" bec="0" bev="0" fileid="4" />
              </SequencePoints>
              <BranchPoints />
              <MethodPoint vc="0" uspid="0" p8:type="SequencePoint" ordinal="0" offset="0" sc="0" sl="23" ec="1" el="23" bec="0" bev="0" fileid="4" xmlns:p8="xsi" />
            </Method>
            <Method cyclomaticComplexity="1" nPathComplexity="0" sequenceCoverage="0" branchCoverage="100" isConstructor="False" isGetter="True" isSetter="False" isStatic="True">
              <Summary numSequencePoints="1" visitedSequencePoints="0" numBranchPoints="0" visitedBranchPoints="0" sequenceCoverage="0" branchCoverage="100" maxCyclomaticComplexity="1" minCyclomaticComplexity="1" visitedClasses="0" numClasses="0" visitedMethods="0" numMethods="1" />
              <MetadataToken />
              <Name>Lwt.Models.Language Lwt.ViewModels.TextViewModel::get_Language()</Name>
              <FileRef uid="4" />
              <SequencePoints>
                <SequencePoint vc="0" uspid="28" ordinal="0" sl="28" sc="1" el="28" ec="2" bec="0" bev="0" fileid="4" />
              </SequencePoints>
              <BranchPoints />
              <MethodPoint vc="0" uspid="0" p8:type="SequencePoint" ordinal="1" offset="1" sc="0" sl="28" ec="1" el="28" bec="0" bev="0" fileid="4" xmlns:p8="xsi" />
            </Method>
            <Method cyclomaticComplexity="1" nPathComplexity="0" sequenceCoverage="0" branchCoverage="100" isConstructor="False" isGetter="True" isSetter="False" isStatic="True">
              <Summary numSequencePoints="1" visitedSequencePoints="0" numBranchPoints="0" visitedBranchPoints="0" sequenceCoverage="0" branchCoverage="100" maxCyclomaticComplexity="1" minCyclomaticComplexity="1" visitedClasses="0" numClasses="0" visitedMethods="0" numMethods="1" />
              <MetadataToken />
              <Name>System.Guid Lwt.ViewModels.TextViewModel::get_Id()</Name>
              <FileRef uid="4" />
              <SequencePoints>
                <SequencePoint vc="0" uspid="33" ordinal="0" sl="33" sc="1" el="33" ec="2" bec="0" bev="0" fileid="4" />
              </SequencePoints>
              <BranchPoints />
              <MethodPoint vc="0" uspid="0" p8:type="SequencePoint" ordinal="2" offset="2" sc="0" sl="33" ec="1" el="33" bec="0" bev="0" fileid="4" xmlns:p8="xsi" />
            </Method>
            <Method cyclomaticComplexity="1" nPathComplexity="0" sequenceCoverage="0" branchCoverage="100" isConstructor="False" isGetter="True" isSetter="False" isStatic="True">
              <Summary numSequencePoints="1" visitedSequencePoints="0" numBranchPoints="0" visitedBranchPoints="0" sequenceCoverage="0" branchCoverage="100" maxCyclomaticComplexity="1" minCyclomaticComplexity="1" visitedClasses="0" numClasses="0" visitedMethods="0" numMethods="1" />
              <MetadataToken />
              <Name>System.Collections.Generic.Dictionary`2&lt;Lwt.Models.TermLearningLevel,System.Int64&gt; Lwt.ViewModels.TextViewModel::get_Counts()</Name>
              <FileRef uid="4" />
              <SequencePoints>
                <SequencePoint vc="0" uspid="38" ordinal="0" sl="38" sc="1" el="38" ec="2" bec="0" bev="0" fileid="4" />
              </SequencePoints>
              <BranchPoints />
              <MethodPoint vc="0" uspid="0" p8:type="SequencePoint" ordinal="3" offset="3" sc="0" sl="38" ec="1" el="38" bec="0" bev="0" fileid="4" xmlns:p8="xsi" />
            </Method>
            <Method cyclomaticComplexity="1" nPathComplexity="0" sequenceCoverage="0" branchCoverage="100" isConstructor="True" isGetter="False" isSetter="False" isStatic="True">
              <Summary numSequencePoints="4" visitedSequencePoints="0" numBranchPoints="0" visitedBranchPoints="0" sequenceCoverage="0" branchCoverage="100" maxCyclomaticComplexity="1" minCyclomaticComplexity="1" visitedClasses="0" numClasses="0" visitedMethods="0" numMethods="1" />
              <MetadataToken />
              <Name>System.Void Lwt.ViewModels.TextViewModel::.ctor()</Name>
              <FileRef uid="4" />
              <SequencePoints>
                <SequencePoint vc="0" uspid="15" ordinal="0" sl="15" sc="1" el="15" ec="2" bec="0" bev="0" fileid="4" />
                <SequencePoint vc="0" uspid="16" ordinal="1" sl="16" sc="1" el="16" ec="2" bec="0" bev="0" fileid="4" />
                <SequencePoint vc="0" uspid="17" ordinal="2" sl="17" sc="1" el="17" ec="2" bec="0" bev="0" fileid="4" />
                <SequencePoint vc="0" uspid="18" ordinal="3" sl="18" sc="1" el="18" ec="2" bec="0" bev="0" fileid="4" />
              </SequencePoints>
              <BranchPoints />
              <MethodPoint vc="0" uspid="0" p8:type="SequencePoint" ordinal="4" offset="4" sc="0" sl="15" ec="1" el="18" bec="0" bev="0" fileid="4" xmlns:p8="xsi" />
            </Method>
          </Methods>
        </Class>
        <Class>
          <Summary numSequencePoints="2" visitedSequencePoints="2" numBranchPoints="0" visitedBranchPoints="0" sequenceCoverage="100" branchCoverage="100" maxCyclomaticComplexity="1" minCyclomaticComplexity="1" visitedClasses="1" numClasses="1" visitedMethods="2" numMethods="2" />
          <FullName>Lwt.ViewModels.User.LoginViewModel</FullName>
          <Methods>
            <Method cyclomaticComplexity="1" nPathComplexity="0" sequenceCoverage="100" branchCoverage="100" isConstructor="False" isGetter="True" isSetter="False" isStatic="True">
              <Summary numSequencePoints="1" visitedSequencePoints="1" numBranchPoints="0" visitedBranchPoints="0" sequenceCoverage="100" branchCoverage="100" maxCyclomaticComplexity="1" minCyclomaticComplexity="1" visitedClasses="0" numClasses="0" visitedMethods="1" numMethods="1" />
              <MetadataToken />
              <Name>System.String Lwt.ViewModels.User.LoginViewModel::get_UserName()</Name>
              <FileRef uid="5" />
              <SequencePoints>
                <SequencePoint vc="3" uspid="11" ordinal="0" sl="11" sc="1" el="11" ec="2" bec="0" bev="0" fileid="5" />
              </SequencePoints>
              <BranchPoints />
              <MethodPoint vc="1" uspid="0" p8:type="SequencePoint" ordinal="0" offset="0" sc="0" sl="11" ec="1" el="11" bec="0" bev="0" fileid="5" xmlns:p8="xsi" />
            </Method>
            <Method cyclomaticComplexity="1" nPathComplexity="0" sequenceCoverage="100" branchCoverage="100" isConstructor="False" isGetter="True" isSetter="False" isStatic="True">
              <Summary numSequencePoints="1" visitedSequencePoints="1" numBranchPoints="0" visitedBranchPoints="0" sequenceCoverage="100" branchCoverage="100" maxCyclomaticComplexity="1" minCyclomaticComplexity="1" visitedClasses="0" numClasses="0" visitedMethods="1" numMethods="1" />
              <MetadataToken />
              <Name>System.String Lwt.ViewModels.User.LoginViewModel::get_Password()</Name>
              <FileRef uid="5" />
              <SequencePoints>
                <SequencePoint vc="3" uspid="16" ordinal="0" sl="16" sc="1" el="16" ec="2" bec="0" bev="0" fileid="5" />
              </SequencePoints>
              <BranchPoints />
              <MethodPoint vc="1" uspid="0" p8:type="SequencePoint" ordinal="1" offset="1" sc="0" sl="16" ec="1" el="16" bec="0" bev="0" fileid="5" xmlns:p8="xsi" />
            </Method>
          </Methods>
        </Class>
        <Class>
          <Summary numSequencePoints="2" visitedSequencePoints="2" numBranchPoints="0" visitedBranchPoints="0" sequenceCoverage="100" branchCoverage="100" maxCyclomaticComplexity="1" minCyclomaticComplexity="1" visitedClasses="1" numClasses="1" visitedMethods="2" numMethods="2" />
          <FullName>Lwt.ViewModels.User.SignUpViewModel</FullName>
          <Methods>
            <Method cyclomaticComplexity="1" nPathComplexity="0" sequenceCoverage="100" branchCoverage="100" isConstructor="False" isGetter="True" isSetter="False" isStatic="True">
              <Summary numSequencePoints="1" visitedSequencePoints="1" numBranchPoints="0" visitedBranchPoints="0" sequenceCoverage="100" branchCoverage="100" maxCyclomaticComplexity="1" minCyclomaticComplexity="1" visitedClasses="0" numClasses="0" visitedMethods="1" numMethods="1" />
              <MetadataToken />
              <Name>System.String Lwt.ViewModels.User.SignUpViewModel::get_UserName()</Name>
              <FileRef uid="6" />
              <SequencePoints>
                <SequencePoint vc="2" uspid="11" ordinal="0" sl="11" sc="1" el="11" ec="2" bec="0" bev="0" fileid="6" />
              </SequencePoints>
              <BranchPoints />
              <MethodPoint vc="1" uspid="0" p8:type="SequencePoint" ordinal="0" offset="0" sc="0" sl="11" ec="1" el="11" bec="0" bev="0" fileid="6" xmlns:p8="xsi" />
            </Method>
            <Method cyclomaticComplexity="1" nPathComplexity="0" sequenceCoverage="100" branchCoverage="100" isConstructor="False" isGetter="True" isSetter="False" isStatic="True">
              <Summary numSequencePoints="1" visitedSequencePoints="1" numBranchPoints="0" visitedBranchPoints="0" sequenceCoverage="100" branchCoverage="100" maxCyclomaticComplexity="1" minCyclomaticComplexity="1" visitedClasses="0" numClasses="0" visitedMethods="1" numMethods="1" />
              <MetadataToken />
              <Name>System.String Lwt.ViewModels.User.SignUpViewModel::get_Password()</Name>
              <FileRef uid="6" />
              <SequencePoints>
                <SequencePoint vc="2" uspid="16" ordinal="0" sl="16" sc="1" el="16" ec="2" bec="0" bev="0" fileid="6" />
              </SequencePoints>
              <BranchPoints />
              <MethodPoint vc="1" uspid="0" p8:type="SequencePoint" ordinal="1" offset="1" sc="0" sl="16" ec="1" el="16" bec="0" bev="0" fileid="6" xmlns:p8="xsi" />
            </Method>
          </Methods>
        </Class>
        <Class>
          <Summary numSequencePoints="8" visitedSequencePoints="8" numBranchPoints="0" visitedBranchPoints="0" sequenceCoverage="100" branchCoverage="100" maxCyclomaticComplexity="1" minCyclomaticComplexity="1" visitedClasses="1" numClasses="1" visitedMethods="1" numMethods="1" />
          <FullName>Lwt.Validators.TextValidator</FullName>
          <Methods>
            <Method cyclomaticComplexity="1" nPathComplexity="0" sequenceCoverage="100" branchCoverage="100" isConstructor="True" isGetter="False" isSetter="False" isStatic="True">
              <Summary numSequencePoints="8" visitedSequencePoints="8" numBranchPoints="0" visitedBranchPoints="0" sequenceCoverage="100" branchCoverage="100" maxCyclomaticComplexity="1" minCyclomaticComplexity="1" visitedClasses="0" numClasses="0" visitedMethods="1" numMethods="1" />
              <MetadataToken />
              <Name>System.Void Lwt.Validators.TextValidator::.ctor(Microsoft.AspNetCore.Identity.UserManager`1&lt;Lwt.Models.User&gt;)</Name>
              <FileRef uid="7" />
              <SequencePoints>
                <SequencePoint vc="5" uspid="20" ordinal="0" sl="20" sc="1" el="20" ec="2" bec="0" bev="0" fileid="7" />
                <SequencePoint vc="5" uspid="21" ordinal="1" sl="21" sc="1" el="21" ec="2" bec="0" bev="0" fileid="7" />
                <SequencePoint vc="5" uspid="22" ordinal="2" sl="22" sc="1" el="22" ec="2" bec="0" bev="0" fileid="7" />
                <SequencePoint vc="9" uspid="23" ordinal="3" sl="23" sc="1" el="23" ec="2" bec="0" bev="0" fileid="7" />
                <SequencePoint vc="5" uspid="24" ordinal="4" sl="24" sc="1" el="24" ec="2" bec="0" bev="0" fileid="7" />
                <SequencePoint vc="5" uspid="26" ordinal="5" sl="26" sc="1" el="26" ec="2" bec="0" bev="0" fileid="7" />
                <SequencePoint vc="5" uspid="27" ordinal="6" sl="27" sc="1" el="27" ec="2" bec="0" bev="0" fileid="7" />
                <SequencePoint vc="5" uspid="28" ordinal="7" sl="28" sc="1" el="28" ec="2" bec="0" bev="0" fileid="7" />
              </SequencePoints>
              <BranchPoints />
              <MethodPoint vc="8" uspid="0" p8:type="SequencePoint" ordinal="0" offset="0" sc="0" sl="20" ec="1" el="28" bec="0" bev="0" fileid="7" xmlns:p8="xsi" />
            </Method>
          </Methods>
        </Class>
        <Class>
          <Summary numSequencePoints="0" visitedSequencePoints="0" numBranchPoints="2" visitedBranchPoints="2" sequenceCoverage="100" branchCoverage="100" maxCyclomaticComplexity="2" minCyclomaticComplexity="2" visitedClasses="0" numClasses="1" visitedMethods="0" numMethods="0" />
          <FullName>Lwt.Validators.TextValidator/&lt;&gt;c__DisplayClass0_0/&lt;&lt;-ctor&gt;b__1&gt;d</FullName>
          <Methods />
        </Class>
        <Class>
          <Summary numSequencePoints="4" visitedSequencePoints="0" numBranchPoints="0" visitedBranchPoints="0" sequenceCoverage="0" branchCoverage="100" maxCyclomaticComplexity="1" minCyclomaticComplexity="1" visitedClasses="0" numClasses="1" visitedMethods="0" numMethods="1" />
          <FullName>Lwt.Utilities.AuthenticationHelper</FullName>
          <Methods>
            <Method cyclomaticComplexity="1" nPathComplexity="0" sequenceCoverage="0" branchCoverage="100" isConstructor="False" isGetter="False" isSetter="False" isStatic="True">
              <Summary numSequencePoints="4" visitedSequencePoints="0" numBranchPoints="0" visitedBranchPoints="0" sequenceCoverage="0" branchCoverage="100" maxCyclomaticComplexity="1" minCyclomaticComplexity="1" visitedClasses="0" numClasses="0" visitedMethods="0" numMethods="1" />
              <MetadataToken />
              <Name>System.Guid Lwt.Utilities.AuthenticationHelper::GetLoggedInUser(System.Security.Claims.ClaimsPrincipal)</Name>
              <FileRef uid="8" />
              <SequencePoints>
                <SequencePoint vc="0" uspid="15" ordinal="0" sl="15" sc="1" el="15" ec="2" bec="0" bev="0" fileid="8" />
                <SequencePoint vc="0" uspid="16" ordinal="1" sl="16" sc="1" el="16" ec="2" bec="0" bev="0" fileid="8" />
                <SequencePoint vc="0" uspid="18" ordinal="2" sl="18" sc="1" el="18" ec="2" bec="0" bev="0" fileid="8" />
                <SequencePoint vc="0" uspid="19" ordinal="3" sl="19" sc="1" el="19" ec="2" bec="0" bev="0" fileid="8" />
              </SequencePoints>
              <BranchPoints />
              <MethodPoint vc="0" uspid="0" p8:type="SequencePoint" ordinal="0" offset="0" sc="0" sl="15" ec="1" el="19" bec="0" bev="0" fileid="8" xmlns:p8="xsi" />
            </Method>
          </Methods>
        </Class>
        <Class>
          <Summary numSequencePoints="7" visitedSequencePoints="0" numBranchPoints="0" visitedBranchPoints="0" sequenceCoverage="0" branchCoverage="100" maxCyclomaticComplexity="1" minCyclomaticComplexity="1" visitedClasses="0" numClasses="1" visitedMethods="0" numMethods="2" />
          <FullName>Lwt.Utilities.ChineseTextSplitter</FullName>
          <Methods>
            <Method cyclomaticComplexity="1" nPathComplexity="0" sequenceCoverage="0" branchCoverage="100" isConstructor="False" isGetter="False" isSetter="False" isStatic="True">
              <Summary numSequencePoints="3" visitedSequencePoints="0" numBranchPoints="0" visitedBranchPoints="0" sequenceCoverage="0" branchCoverage="100" maxCyclomaticComplexity="1" minCyclomaticComplexity="1" visitedClasses="0" numClasses="0" visitedMethods="0" numMethods="1" />
              <MetadataToken />
              <Name>System.Collections.Generic.IEnumerable`1&lt;System.String&gt; Lwt.Utilities.ChineseTextSplitter::Split(System.String)</Name>
              <FileRef uid="9" />
              <SequencePoints>
                <SequencePoint vc="0" uspid="22" ordinal="0" sl="22" sc="1" el="22" ec="2" bec="0" bev="0" fileid="9" />
                <SequencePoint vc="0" uspid="23" ordinal="1" sl="23" sc="1" el="23" ec="2" bec="0" bev="0" fileid="9" />
                <SequencePoint vc="0" uspid="24" ordinal="2" sl="24" sc="1" el="24" ec="2" bec="0" bev="0" fileid="9" />
              </SequencePoints>
              <BranchPoints />
              <MethodPoint vc="0" uspid="0" p8:type="SequencePoint" ordinal="0" offset="0" sc="0" sl="22" ec="1" el="24" bec="0" bev="0" fileid="9" xmlns:p8="xsi" />
            </Method>
            <Method cyclomaticComplexity="1" nPathComplexity="0" sequenceCoverage="0" branchCoverage="100" isConstructor="True" isGetter="False" isSetter="False" isStatic="True">
              <Summary numSequencePoints="4" visitedSequencePoints="0" numBranchPoints="0" visitedBranchPoints="0" sequenceCoverage="0" branchCoverage="100" maxCyclomaticComplexity="1" minCyclomaticComplexity="1" visitedClasses="0" numClasses="0" visitedMethods="0" numMethods="1" />
              <MetadataToken />
              <Name>System.Void Lwt.Utilities.ChineseTextSplitter::.ctor()</Name>
              <FileRef uid="9" />
              <SequencePoints>
                <SequencePoint vc="0" uspid="15" ordinal="0" sl="15" sc="1" el="15" ec="2" bec="0" bev="0" fileid="9" />
                <SequencePoint vc="0" uspid="16" ordinal="1" sl="16" sc="1" el="16" ec="2" bec="0" bev="0" fileid="9" />
                <SequencePoint vc="0" uspid="17" ordinal="2" sl="17" sc="1" el="17" ec="2" bec="0" bev="0" fileid="9" />
                <SequencePoint vc="0" uspid="18" ordinal="3" sl="18" sc="1" el="18" ec="2" bec="0" bev="0" fileid="9" />
              </SequencePoints>
              <BranchPoints />
              <MethodPoint vc="0" uspid="0" p8:type="SequencePoint" ordinal="1" offset="1" sc="0" sl="15" ec="1" el="18" bec="0" bev="0" fileid="9" xmlns:p8="xsi" />
            </Method>
          </Methods>
        </Class>
        <Class>
          <Summary numSequencePoints="13" visitedSequencePoints="0" numBranchPoints="0" visitedBranchPoints="0" sequenceCoverage="0" branchCoverage="100" maxCyclomaticComplexity="1" minCyclomaticComplexity="1" visitedClasses="0" numClasses="1" visitedMethods="0" numMethods="1" />
          <FullName>Lwt.Utilities.DatabaseSeeder</FullName>
          <Methods>
            <Method cyclomaticComplexity="1" nPathComplexity="0" sequenceCoverage="0" branchCoverage="100" isConstructor="True" isGetter="False" isSetter="False" isStatic="True">
              <Summary numSequencePoints="13" visitedSequencePoints="0" numBranchPoints="0" visitedBranchPoints="0" sequenceCoverage="0" branchCoverage="100" maxCyclomaticComplexity="1" minCyclomaticComplexity="1" visitedClasses="0" numClasses="0" visitedMethods="0" numMethods="1" />
              <MetadataToken />
              <Name>System.Void Lwt.Utilities.DatabaseSeeder::.ctor(Lwt.Interfaces.IUserRepository,Lwt.DbContexts.IdentityDbContext,Lwt.Interfaces.Services.ITextService,Lwt.Interfaces.ITermService,Lwt.Interfaces.ITextRepository)</Name>
              <FileRef uid="10" />
              <SequencePoints>
                <SequencePoint vc="0" uspid="30" ordinal="0" sl="30" sc="1" el="30" ec="2" bec="0" bev="0" fileid="10" />
                <SequencePoint vc="0" uspid="31" ordinal="1" sl="31" sc="1" el="31" ec="2" bec="0" bev="0" fileid="10" />
                <SequencePoint vc="0" uspid="32" ordinal="2" sl="32" sc="1" el="32" ec="2" bec="0" bev="0" fileid="10" />
                <SequencePoint vc="0" uspid="33" ordinal="3" sl="33" sc="1" el="33" ec="2" bec="0" bev="0" fileid="10" />
                <SequencePoint vc="0" uspid="34" ordinal="4" sl="34" sc="1" el="34" ec="2" bec="0" bev="0" fileid="10" />
                <SequencePoint vc="0" uspid="35" ordinal="5" sl="35" sc="1" el="35" ec="2" bec="0" bev="0" fileid="10" />
                <SequencePoint vc="0" uspid="36" ordinal="6" sl="36" sc="1" el="36" ec="2" bec="0" bev="0" fileid="10" />
                <SequencePoint vc="0" uspid="37" ordinal="7" sl="37" sc="1" el="37" ec="2" bec="0" bev="0" fileid="10" />
                <SequencePoint vc="0" uspid="38" ordinal="8" sl="38" sc="1" el="38" ec="2" bec="0" bev="0" fileid="10" />
                <SequencePoint vc="0" uspid="39" ordinal="9" sl="39" sc="1" el="39" ec="2" bec="0" bev="0" fileid="10" />
                <SequencePoint vc="0" uspid="40" ordinal="10" sl="40" sc="1" el="40" ec="2" bec="0" bev="0" fileid="10" />
                <SequencePoint vc="0" uspid="41" ordinal="11" sl="41" sc="1" el="41" ec="2" bec="0" bev="0" fileid="10" />
                <SequencePoint vc="0" uspid="42" ordinal="12" sl="42" sc="1" el="42" ec="2" bec="0" bev="0" fileid="10" />
              </SequencePoints>
              <BranchPoints />
              <MethodPoint vc="0" uspid="0" p8:type="SequencePoint" ordinal="0" offset="0" sc="0" sl="30" ec="1" el="42" bec="0" bev="0" fileid="10" xmlns:p8="xsi" />
            </Method>
          </Methods>
        </Class>
        <Class>
          <Summary numSequencePoints="64" visitedSequencePoints="0" numBranchPoints="20" visitedBranchPoints="0" sequenceCoverage="0" branchCoverage="0" maxCyclomaticComplexity="20" minCyclomaticComplexity="20" visitedClasses="0" numClasses="1" visitedMethods="0" numMethods="1" />
          <FullName>Lwt.Utilities.DatabaseSeeder/&lt;SeedData&gt;d__6</FullName>
          <Methods>
            <Method cyclomaticComplexity="20" nPathComplexity="0" sequenceCoverage="0" branchCoverage="0" isConstructor="False" isGetter="False" isSetter="False" isStatic="True">
              <Summary numSequencePoints="64" visitedSequencePoints="0" numBranchPoints="20" visitedBranchPoints="0" sequenceCoverage="0" branchCoverage="0" maxCyclomaticComplexity="20" minCyclomaticComplexity="20" visitedClasses="0" numClasses="0" visitedMethods="0" numMethods="1" />
              <MetadataToken />
              <Name>System.Void Lwt.Utilities.DatabaseSeeder/&lt;SeedData&gt;d__6::MoveNext()</Name>
              <FileRef uid="10" />
              <SequencePoints>
                <SequencePoint vc="0" uspid="46" ordinal="0" sl="46" sc="1" el="46" ec="2" bec="0" bev="0" fileid="10" />
                <SequencePoint vc="0" uspid="47" ordinal="1" sl="47" sc="1" el="47" ec="2" bec="0" bev="0" fileid="10" />
                <SequencePoint vc="0" uspid="49" ordinal="2" sl="49" sc="1" el="49" ec="2" bec="0" bev="0" fileid="10" />
                <SequencePoint vc="0" uspid="50" ordinal="3" sl="50" sc="1" el="50" ec="2" bec="0" bev="0" fileid="10" />
                <SequencePoint vc="0" uspid="51" ordinal="4" sl="51" sc="1" el="51" ec="2" bec="0" bev="0" fileid="10" />
                <SequencePoint vc="0" uspid="54" ordinal="5" sl="54" sc="1" el="54" ec="2" bec="0" bev="0" fileid="10" />
                <SequencePoint vc="0" uspid="56" ordinal="6" sl="56" sc="1" el="56" ec="2" bec="0" bev="0" fileid="10" />
                <SequencePoint vc="0" uspid="57" ordinal="7" sl="57" sc="1" el="57" ec="2" bec="0" bev="0" fileid="10" />
                <SequencePoint vc="0" uspid="58" ordinal="8" sl="58" sc="1" el="58" ec="2" bec="0" bev="0" fileid="10" />
                <SequencePoint vc="0" uspid="59" ordinal="9" sl="59" sc="1" el="59" ec="2" bec="0" bev="0" fileid="10" />
                <SequencePoint vc="0" uspid="60" ordinal="10" sl="60" sc="1" el="60" ec="2" bec="0" bev="0" fileid="10" />
                <SequencePoint vc="0" uspid="62" ordinal="11" sl="62" sc="1" el="62" ec="2" bec="0" bev="0" fileid="10" />
                <SequencePoint vc="0" uspid="63" ordinal="12" sl="63" sc="1" el="63" ec="2" bec="0" bev="0" fileid="10" />
                <SequencePoint vc="0" uspid="67" ordinal="13" sl="67" sc="1" el="67" ec="2" bec="0" bev="0" fileid="10" />
                <SequencePoint vc="0" uspid="68" ordinal="14" sl="68" sc="1" el="68" ec="2" bec="0" bev="0" fileid="10" />
                <SequencePoint vc="0" uspid="69" ordinal="15" sl="69" sc="1" el="69" ec="2" bec="0" bev="0" fileid="10" />
                <SequencePoint vc="0" uspid="72" ordinal="16" sl="72" sc="1" el="72" ec="2" bec="0" bev="0" fileid="10" />
                <SequencePoint vc="0" uspid="73" ordinal="17" sl="73" sc="1" el="73" ec="2" bec="0" bev="0" fileid="10" />
                <SequencePoint vc="0" uspid="74" ordinal="18" sl="74" sc="1" el="74" ec="2" bec="0" bev="0" fileid="10" />
                <SequencePoint vc="0" uspid="75" ordinal="19" sl="75" sc="1" el="75" ec="2" bec="0" bev="0" fileid="10" />
                <SequencePoint vc="0" uspid="76" ordinal="20" sl="76" sc="1" el="76" ec="2" bec="0" bev="0" fileid="10" />
                <SequencePoint vc="0" uspid="77" ordinal="21" sl="77" sc="1" el="77" ec="2" bec="0" bev="0" fileid="10" />
                <SequencePoint vc="0" uspid="78" ordinal="22" sl="78" sc="1" el="78" ec="2" bec="0" bev="0" fileid="10" />
                <SequencePoint vc="0" uspid="79" ordinal="23" sl="79" sc="1" el="79" ec="2" bec="0" bev="0" fileid="10" />
                <SequencePoint vc="0" uspid="80" ordinal="24" sl="80" sc="1" el="80" ec="2" bec="0" bev="0" fileid="10" />
                <SequencePoint vc="0" uspid="81" ordinal="25" sl="81" sc="1" el="81" ec="2" bec="0" bev="0" fileid="10" />
                <SequencePoint vc="0" uspid="82" ordinal="26" sl="82" sc="1" el="82" ec="2" bec="0" bev="0" fileid="10" />
                <SequencePoint vc="0" uspid="83" ordinal="27" sl="83" sc="1" el="83" ec="2" bec="0" bev="0" fileid="10" />
                <SequencePoint vc="0" uspid="84" ordinal="28" sl="84" sc="1" el="84" ec="2" bec="0" bev="0" fileid="10" />
                <SequencePoint vc="0" uspid="85" ordinal="29" sl="85" sc="1" el="85" ec="2" bec="0" bev="0" fileid="10" />
                <SequencePoint vc="0" uspid="86" ordinal="30" sl="86" sc="1" el="86" ec="2" bec="0" bev="0" fileid="10" />
                <SequencePoint vc="0" uspid="87" ordinal="31" sl="87" sc="1" el="87" ec="2" bec="0" bev="0" fileid="10" />
                <SequencePoint vc="0" uspid="88" ordinal="32" sl="88" sc="1" el="88" ec="2" bec="0" bev="0" fileid="10" />
                <SequencePoint vc="0" uspid="89" ordinal="33" sl="89" sc="1" el="89" ec="2" bec="0" bev="0" fileid="10" />
                <SequencePoint vc="0" uspid="90" ordinal="34" sl="90" sc="1" el="90" ec="2" bec="0" bev="0" fileid="10" />
                <SequencePoint vc="0" uspid="91" ordinal="35" sl="91" sc="1" el="91" ec="2" bec="0" bev="0" fileid="10" />
                <SequencePoint vc="0" uspid="92" ordinal="36" sl="92" sc="1" el="92" ec="2" bec="0" bev="0" fileid="10" />
                <SequencePoint vc="0" uspid="93" ordinal="37" sl="93" sc="1" el="93" ec="2" bec="0" bev="0" fileid="10" />
                <SequencePoint vc="0" uspid="94" ordinal="38" sl="94" sc="1" el="94" ec="2" bec="0" bev="0" fileid="10" />
                <SequencePoint vc="0" uspid="95" ordinal="39" sl="95" sc="1" el="95" ec="2" bec="0" bev="0" fileid="10" />
                <SequencePoint vc="0" uspid="96" ordinal="40" sl="96" sc="1" el="96" ec="2" bec="0" bev="0" fileid="10" />
                <SequencePoint vc="0" uspid="97" ordinal="41" sl="97" sc="1" el="97" ec="2" bec="0" bev="0" fileid="10" />
                <SequencePoint vc="0" uspid="98" ordinal="42" sl="98" sc="1" el="98" ec="2" bec="0" bev="0" fileid="10" />
                <SequencePoint vc="0" uspid="99" ordinal="43" sl="99" sc="1" el="99" ec="2" bec="0" bev="0" fileid="10" />
                <SequencePoint vc="0" uspid="100" ordinal="44" sl="100" sc="1" el="100" ec="2" bec="0" bev="0" fileid="10" />
                <SequencePoint vc="0" uspid="101" ordinal="45" sl="101" sc="1" el="101" ec="2" bec="0" bev="0" fileid="10" />
                <SequencePoint vc="0" uspid="102" ordinal="46" sl="102" sc="1" el="102" ec="2" bec="0" bev="0" fileid="10" />
                <SequencePoint vc="0" uspid="103" ordinal="47" sl="103" sc="1" el="103" ec="2" bec="0" bev="0" fileid="10" />
                <SequencePoint vc="0" uspid="104" ordinal="48" sl="104" sc="1" el="104" ec="2" bec="0" bev="0" fileid="10" />
                <SequencePoint vc="0" uspid="105" ordinal="49" sl="105" sc="1" el="105" ec="2" bec="0" bev="0" fileid="10" />
                <SequencePoint vc="0" uspid="106" ordinal="50" sl="106" sc="1" el="106" ec="2" bec="0" bev="0" fileid="10" />
                <SequencePoint vc="0" uspid="107" ordinal="51" sl="107" sc="1" el="107" ec="2" bec="0" bev="0" fileid="10" />
                <SequencePoint vc="0" uspid="108" ordinal="52" sl="108" sc="1" el="108" ec="2" bec="0" bev="0" fileid="10" />
                <SequencePoint vc="0" uspid="110" ordinal="53" sl="110" sc="1" el="110" ec="2" bec="0" bev="0" fileid="10" />
                <SequencePoint vc="0" uspid="112" ordinal="54" sl="112" sc="1" el="112" ec="2" bec="0" bev="0" fileid="10" />
                <SequencePoint vc="0" uspid="113" ordinal="55" sl="113" sc="1" el="113" ec="2" bec="0" bev="0" fileid="10" />
                <SequencePoint vc="0" uspid="114" ordinal="56" sl="114" sc="1" el="114" ec="2" bec="0" bev="0" fileid="10" />
                <SequencePoint vc="0" uspid="115" ordinal="57" sl="115" sc="1" el="115" ec="2" bec="0" bev="0" fileid="10" />
                <SequencePoint vc="0" uspid="116" ordinal="58" sl="116" sc="1" el="116" ec="2" bec="0" bev="0" fileid="10" />
                <SequencePoint vc="0" uspid="117" ordinal="59" sl="117" sc="1" el="117" ec="2" bec="0" bev="0" fileid="10" />
                <SequencePoint vc="0" uspid="118" ordinal="60" sl="118" sc="1" el="118" ec="2" bec="0" bev="0" fileid="10" />
                <SequencePoint vc="0" uspid="119" ordinal="61" sl="119" sc="1" el="119" ec="2" bec="0" bev="0" fileid="10" />
                <SequencePoint vc="0" uspid="120" ordinal="62" sl="120" sc="1" el="120" ec="2" bec="0" bev="0" fileid="10" />
                <SequencePoint vc="0" uspid="121" ordinal="63" sl="121" sc="1" el="121" ec="2" bec="0" bev="0" fileid="10" />
              </SequencePoints>
              <BranchPoints>
                <BranchPoint vc="0" uspid="49" ordinal="0" path="0" offset="99" offsetend="101" sl="49" fileid="10" />
                <BranchPoint vc="0" uspid="49" ordinal="1" path="1" offset="99" offsetend="107" sl="49" fileid="10" />
                <BranchPoint vc="0" uspid="54" ordinal="2" path="0" offset="141" offsetend="143" sl="54" fileid="10" />
                <BranchPoint vc="0" uspid="54" ordinal="3" path="1" offset="141" offsetend="210" sl="54" fileid="10" />
                <BranchPoint vc="0" uspid="56" ordinal="4" path="0" offset="255" offsetend="260" sl="56" fileid="10" />
                <BranchPoint vc="0" uspid="59" ordinal="6" path="0" offset="342" offsetend="344" sl="59" fileid="10" />
                <BranchPoint vc="0" uspid="59" ordinal="7" path="1" offset="342" offsetend="413" sl="59" fileid="10" />
                <BranchPoint vc="0" uspid="56" ordinal="5" path="1" offset="255" offsetend="424" sl="56" fileid="10" />
                <BranchPoint vc="0" uspid="67" ordinal="8" path="0" offset="461" offsetend="463" sl="67" fileid="10" />
                <BranchPoint vc="0" uspid="67" ordinal="9" path="1" offset="461" offsetend="532" sl="67" fileid="10" />
                <BranchPoint vc="0" uspid="67" ordinal="10" path="0" offset="559" offsetend="561" sl="67" fileid="10" />
                <BranchPoint vc="0" uspid="67" ordinal="11" path="1" offset="559" offsetend="567" sl="67" fileid="10" />
                <BranchPoint vc="0" uspid="108" ordinal="12" path="0" offset="681" offsetend="683" sl="108" fileid="10" />
                <BranchPoint vc="0" uspid="108" ordinal="13" path="1" offset="681" offsetend="752" sl="108" fileid="10" />
                <BranchPoint vc="0" uspid="112" ordinal="19" path="1" offset="1073" offsetend="816" sl="112" fileid="10" />
                <BranchPoint vc="0" uspid="119" ordinal="16" path="0" offset="968" offsetend="970" sl="119" fileid="10" />
                <BranchPoint vc="0" uspid="112" ordinal="15" path="1" offset="802" offsetend="1010" sl="112" fileid="10" />
                <BranchPoint vc="0" uspid="119" ordinal="17" path="1" offset="968" offsetend="1039" sl="119" fileid="10" />
                <BranchPoint vc="0" uspid="112" ordinal="14" path="0" offset="802" offsetend="1062" sl="112" fileid="10" />
                <BranchPoint vc="0" uspid="112" ordinal="18" path="0" offset="1073" offsetend="1078" sl="112" fileid="10" />
              </BranchPoints>
              <MethodPoint vc="0" uspid="0" p8:type="SequencePoint" ordinal="0" offset="0" sc="0" sl="46" ec="1" el="121" bec="0" bev="0" fileid="10" xmlns:p8="xsi" />
            </Method>
          </Methods>
        </Class>
        <Class>
          <Summary numSequencePoints="16" visitedSequencePoints="0" numBranchPoints="2" visitedBranchPoints="0" sequenceCoverage="0" branchCoverage="0" maxCyclomaticComplexity="2" minCyclomaticComplexity="2" visitedClasses="0" numClasses="1" visitedMethods="0" numMethods="1" />
          <FullName>Lwt.Utilities.JapaneseTextSplitter</FullName>
          <Methods>
            <Method cyclomaticComplexity="2" nPathComplexity="0" sequenceCoverage="0" branchCoverage="0" isConstructor="False" isGetter="False" isSetter="False" isStatic="True">
              <Summary numSequencePoints="16" visitedSequencePoints="0" numBranchPoints="2" visitedBranchPoints="0" sequenceCoverage="0" branchCoverage="0" maxCyclomaticComplexity="2" minCyclomaticComplexity="2" visitedClasses="0" numClasses="0" visitedMethods="0" numMethods="1" />
              <MetadataToken />
              <Name>System.Collections.Generic.IEnumerable`1&lt;System.String&gt; Lwt.Utilities.JapaneseTextSplitter::Split(System.String)</Name>
              <FileRef uid="11" />
              <SequencePoints>
                <SequencePoint vc="0" uspid="16" ordinal="0" sl="16" sc="1" el="16" ec="2" bec="0" bev="0" fileid="11" />
                <SequencePoint vc="0" uspid="17" ordinal="1" sl="17" sc="1" el="17" ec="2" bec="0" bev="0" fileid="11" />
                <SequencePoint vc="0" uspid="19" ordinal="2" sl="19" sc="1" el="19" ec="2" bec="0" bev="0" fileid="11" />
                <SequencePoint vc="0" uspid="20" ordinal="3" sl="20" sc="1" el="20" ec="2" bec="0" bev="0" fileid="11" />
                <SequencePoint vc="0" uspid="21" ordinal="4" sl="21" sc="1" el="21" ec="2" bec="0" bev="0" fileid="11" />
                <SequencePoint vc="0" uspid="22" ordinal="5" sl="22" sc="1" el="22" ec="2" bec="0" bev="0" fileid="11" />
                <SequencePoint vc="0" uspid="23" ordinal="6" sl="23" sc="1" el="23" ec="2" bec="0" bev="0" fileid="11" />
                <SequencePoint vc="0" uspid="25" ordinal="7" sl="25" sc="1" el="25" ec="2" bec="0" bev="0" fileid="11" />
                <SequencePoint vc="0" uspid="26" ordinal="8" sl="26" sc="1" el="26" ec="2" bec="0" bev="0" fileid="11" />
                <SequencePoint vc="0" uspid="27" ordinal="9" sl="27" sc="1" el="27" ec="2" bec="0" bev="0" fileid="11" />
                <SequencePoint vc="0" uspid="28" ordinal="10" sl="28" sc="1" el="28" ec="2" bec="0" bev="0" fileid="11" />
                <SequencePoint vc="0" uspid="29" ordinal="11" sl="29" sc="1" el="29" ec="2" bec="0" bev="0" fileid="11" />
                <SequencePoint vc="0" uspid="30" ordinal="12" sl="30" sc="1" el="30" ec="2" bec="0" bev="0" fileid="11" />
                <SequencePoint vc="0" uspid="31" ordinal="13" sl="31" sc="1" el="31" ec="2" bec="0" bev="0" fileid="11" />
                <SequencePoint vc="0" uspid="33" ordinal="14" sl="33" sc="1" el="33" ec="2" bec="0" bev="0" fileid="11" />
                <SequencePoint vc="0" uspid="34" ordinal="15" sl="34" sc="1" el="34" ec="2" bec="0" bev="0" fileid="11" />
              </SequencePoints>
              <BranchPoints>
                <BranchPoint vc="0" uspid="25" ordinal="1" path="1" offset="67" offsetend="35" sl="25" fileid="11" />
                <BranchPoint vc="0" uspid="25" ordinal="0" path="0" offset="67" offsetend="69" sl="25" fileid="11" />
              </BranchPoints>
              <MethodPoint vc="0" uspid="0" p8:type="SequencePoint" ordinal="0" offset="0" sc="0" sl="16" ec="1" el="34" bec="0" bev="0" fileid="11" xmlns:p8="xsi" />
            </Method>
          </Methods>
        </Class>
        <Class>
          <Summary numSequencePoints="20" visitedSequencePoints="4" numBranchPoints="4" visitedBranchPoints="0" sequenceCoverage="20" branchCoverage="0" maxCyclomaticComplexity="4" minCyclomaticComplexity="1" visitedClasses="1" numClasses="1" visitedMethods="1" numMethods="3" />
          <FullName>Lwt.Utilities.LanguageHelper</FullName>
          <Methods>
            <Method cyclomaticComplexity="4" nPathComplexity="0" sequenceCoverage="0" branchCoverage="0" isConstructor="False" isGetter="False" isSetter="False" isStatic="True">
              <Summary numSequencePoints="7" visitedSequencePoints="0" numBranchPoints="4" visitedBranchPoints="0" sequenceCoverage="0" branchCoverage="0" maxCyclomaticComplexity="4" minCyclomaticComplexity="4" visitedClasses="0" numClasses="0" visitedMethods="0" numMethods="1" />
              <MetadataToken />
              <Name>Lwt.Interfaces.ILanguage Lwt.Utilities.LanguageHelper::GetLanguage(Lwt.Models.Language)</Name>
              <FileRef uid="12" />
              <SequencePoints>
                <SequencePoint vc="0" uspid="25" ordinal="0" sl="25" sc="1" el="25" ec="2" bec="0" bev="0" fileid="12" />
                <SequencePoint vc="0" uspid="26" ordinal="1" sl="26" sc="1" el="26" ec="2" bec="0" bev="0" fileid="12" />
                <SequencePoint vc="0" uspid="30" ordinal="2" sl="30" sc="1" el="30" ec="2" bec="0" bev="0" fileid="12" />
                <SequencePoint vc="0" uspid="32" ordinal="3" sl="32" sc="1" el="32" ec="2" bec="0" bev="0" fileid="12" />
                <SequencePoint vc="0" uspid="34" ordinal="4" sl="34" sc="1" el="34" ec="2" bec="0" bev="0" fileid="12" />
                <SequencePoint vc="0" uspid="37" ordinal="5" sl="37" sc="1" el="37" ec="2" bec="0" bev="0" fileid="12" />
                <SequencePoint vc="0" uspid="38" ordinal="6" sl="38" sc="1" el="38" ec="2" bec="0" bev="0" fileid="12" />
              </SequencePoints>
              <BranchPoints>
                <BranchPoint vc="0" uspid="26" ordinal="1" path="1" offset="8" offsetend="27" sl="26" fileid="12" />
                <BranchPoint vc="0" uspid="26" ordinal="2" path="2" offset="8" offsetend="35" sl="26" fileid="12" />
                <BranchPoint vc="0" uspid="26" ordinal="3" path="3" offset="8" offsetend="54" sl="26" fileid="12" />
                <BranchPoint vc="0" uspid="26" ordinal="0" path="0" offset="8" offsetend="73" sl="26" fileid="12" />
              </BranchPoints>
              <MethodPoint vc="0" uspid="0" p8:type="SequencePoint" ordinal="0" offset="0" sc="0" sl="25" ec="1" el="38" bec="0" bev="0" fileid="12" xmlns:p8="xsi" />
            </Method>
            <Method cyclomaticComplexity="1" nPathComplexity="0" sequenceCoverage="0" branchCoverage="100" isConstructor="False" isGetter="False" isSetter="False" isStatic="True">
              <Summary numSequencePoints="9" visitedSequencePoints="0" numBranchPoints="0" visitedBranchPoints="0" sequenceCoverage="0" branchCoverage="100" maxCyclomaticComplexity="1" minCyclomaticComplexity="1" visitedClasses="0" numClasses="0" visitedMethods="0" numMethods="1" />
              <MetadataToken />
              <Name>System.Collections.Generic.ICollection`1&lt;Lwt.Interfaces.ILanguage&gt; Lwt.Utilities.LanguageHelper::GetAllLanguages()</Name>
              <FileRef uid="12" />
              <SequencePoints>
                <SequencePoint vc="0" uspid="42" ordinal="0" sl="42" sc="1" el="42" ec="2" bec="0" bev="0" fileid="12" />
                <SequencePoint vc="0" uspid="43" ordinal="1" sl="43" sc="1" el="43" ec="2" bec="0" bev="0" fileid="12" />
                <SequencePoint vc="0" uspid="44" ordinal="2" sl="44" sc="1" el="44" ec="2" bec="0" bev="0" fileid="12" />
                <SequencePoint vc="0" uspid="45" ordinal="3" sl="45" sc="1" el="45" ec="2" bec="0" bev="0" fileid="12" />
                <SequencePoint vc="0" uspid="46" ordinal="4" sl="46" sc="1" el="46" ec="2" bec="0" bev="0" fileid="12" />
                <SequencePoint vc="0" uspid="47" ordinal="5" sl="47" sc="1" el="47" ec="2" bec="0" bev="0" fileid="12" />
                <SequencePoint vc="0" uspid="48" ordinal="6" sl="48" sc="1" el="48" ec="2" bec="0" bev="0" fileid="12" />
                <SequencePoint vc="0" uspid="49" ordinal="7" sl="49" sc="1" el="49" ec="2" bec="0" bev="0" fileid="12" />
[...]
          <FullName>Lwt.Controllers.TextController/&lt;GetEditDetailAsync&gt;d__9</FullName>
          <Methods>
            <Method cyclomaticComplexity="2" nPathComplexity="0" sequenceCoverage="0" branchCoverage="0" isConstructor="False" isGetter="False" isSetter="False" isStatic="True">
              <Summary numSequencePoints="5" visitedSequencePoints="0" numBranchPoints="2" visitedBranchPoints="0" sequenceCoverage="0" branchCoverage="0" maxCyclomaticComplexity="2" minCyclomaticComplexity="2" visitedClasses="0" numClasses="0" visitedMethods="0" numMethods="1" />
              <MetadataToken />
              <Name>System.Void Lwt.Controllers.TextController/&lt;GetEditDetailAsync&gt;d__9::MoveNext()</Name>
              <FileRef uid="79" />
              <SequencePoints>
                <SequencePoint vc="0" uspid="134" ordinal="0" sl="134" sc="1" el="134" ec="2" bec="0" bev="0" fileid="79" />
                <SequencePoint vc="0" uspid="135" ordinal="1" sl="135" sc="1" el="135" ec="2" bec="0" bev="0" fileid="79" />
                <SequencePoint vc="0" uspid="136" ordinal="2" sl="136" sc="1" el="136" ec="2" bec="0" bev="0" fileid="79" />
                <SequencePoint vc="0" uspid="138" ordinal="3" sl="138" sc="1" el="138" ec="2" bec="0" bev="0" fileid="79" />
                <SequencePoint vc="0" uspid="139" ordinal="4" sl="139" sc="1" el="139" ec="2" bec="0" bev="0" fileid="79" />
              </SequencePoints>
              <BranchPoints>
                <BranchPoint vc="0" uspid="136" ordinal="0" path="0" offset="89" offsetend="91" sl="136" fileid="79" />
                <BranchPoint vc="0" uspid="136" ordinal="1" path="1" offset="89" offsetend="155" sl="136" fileid="79" />
              </BranchPoints>
              <MethodPoint vc="0" uspid="0" p8:type="SequencePoint" ordinal="0" offset="0" sc="0" sl="134" ec="1" el="139" bec="0" bev="0" fileid="79" xmlns:p8="xsi" />
            </Method>
          </Methods>
        </Class>
        <Class>
          <Summary numSequencePoints="5" visitedSequencePoints="0" numBranchPoints="2" visitedBranchPoints="0" sequenceCoverage="0" branchCoverage="0" maxCyclomaticComplexity="2" minCyclomaticComplexity="2" visitedClasses="0" numClasses="1" visitedMethods="0" numMethods="1" />
          <FullName>Lwt.Controllers.TextController/&lt;SetBookmarkAsync&gt;d__10</FullName>
          <Methods>
            <Method cyclomaticComplexity="2" nPathComplexity="0" sequenceCoverage="0" branchCoverage="0" isConstructor="False" isGetter="False" isSetter="False" isStatic="True">
              <Summary numSequencePoints="5" visitedSequencePoints="0" numBranchPoints="2" visitedBranchPoints="0" sequenceCoverage="0" branchCoverage="0" maxCyclomaticComplexity="2" minCyclomaticComplexity="2" visitedClasses="0" numClasses="0" visitedMethods="0" numMethods="1" />
              <MetadataToken />
              <Name>System.Void Lwt.Controllers.TextController/&lt;SetBookmarkAsync&gt;d__10::MoveNext()</Name>
              <FileRef uid="79" />
              <SequencePoints>
                <SequencePoint vc="0" uspid="152" ordinal="0" sl="152" sc="1" el="152" ec="2" bec="0" bev="0" fileid="79" />
                <SequencePoint vc="0" uspid="153" ordinal="1" sl="153" sc="1" el="153" ec="2" bec="0" bev="0" fileid="79" />
                <SequencePoint vc="0" uspid="154" ordinal="2" sl="154" sc="1" el="154" ec="2" bec="0" bev="0" fileid="79" />
                <SequencePoint vc="0" uspid="155" ordinal="3" sl="155" sc="1" el="155" ec="2" bec="0" bev="0" fileid="79" />
                <SequencePoint vc="0" uspid="156" ordinal="4" sl="156" sc="1" el="156" ec="2" bec="0" bev="0" fileid="79" />
              </SequencePoints>
              <BranchPoints>
                <BranchPoint vc="0" uspid="154" ordinal="0" path="0" offset="95" offsetend="97" sl="154" fileid="79" />
                <BranchPoint vc="0" uspid="154" ordinal="1" path="1" offset="95" offsetend="161" sl="154" fileid="79" />
              </BranchPoints>
              <MethodPoint vc="0" uspid="0" p8:type="SequencePoint" ordinal="0" offset="0" sc="0" sl="152" ec="1" el="156" bec="0" bev="0" fileid="79" xmlns:p8="xsi" />
            </Method>
          </Methods>
        </Class>
        <Class>
          <Summary numSequencePoints="5" visitedSequencePoints="5" numBranchPoints="0" visitedBranchPoints="0" sequenceCoverage="100" branchCoverage="100" maxCyclomaticComplexity="1" minCyclomaticComplexity="1" visitedClasses="1" numClasses="1" visitedMethods="1" numMethods="1" />
          <FullName>Lwt.Controllers.UserController</FullName>
          <Methods>
            <Method cyclomaticComplexity="1" nPathComplexity="0" sequenceCoverage="100" branchCoverage="100" isConstructor="True" isGetter="False" isSetter="False" isStatic="True">
              <Summary numSequencePoints="5" visitedSequencePoints="5" numBranchPoints="0" visitedBranchPoints="0" sequenceCoverage="100" branchCoverage="100" maxCyclomaticComplexity="1" minCyclomaticComplexity="1" visitedClasses="0" numClasses="0" visitedMethods="1" numMethods="1" />
              <MetadataToken />
              <Name>System.Void Lwt.Controllers.UserController::.ctor(Lwt.Interfaces.Services.IUserService,Lwt.Interfaces.IAuthenticationHelper)</Name>
              <FileRef uid="80" />
              <SequencePoints>
                <SequencePoint vc="3" uspid="27" ordinal="0" sl="27" sc="1" el="27" ec="2" bec="0" bev="0" fileid="80" />
                <SequencePoint vc="3" uspid="28" ordinal="1" sl="28" sc="1" el="28" ec="2" bec="0" bev="0" fileid="80" />
                <SequencePoint vc="3" uspid="29" ordinal="2" sl="29" sc="1" el="29" ec="2" bec="0" bev="0" fileid="80" />
                <SequencePoint vc="3" uspid="30" ordinal="3" sl="30" sc="1" el="30" ec="2" bec="0" bev="0" fileid="80" />
                <SequencePoint vc="3" uspid="31" ordinal="4" sl="31" sc="1" el="31" ec="2" bec="0" bev="0" fileid="80" />
              </SequencePoints>
              <BranchPoints />
              <MethodPoint vc="5" uspid="0" p8:type="SequencePoint" ordinal="0" offset="0" sc="0" sl="27" ec="1" el="31" bec="0" bev="0" fileid="80" xmlns:p8="xsi" />
            </Method>
          </Methods>
        </Class>
        <Class>
          <Summary numSequencePoints="5" visitedSequencePoints="0" numBranchPoints="2" visitedBranchPoints="0" sequenceCoverage="0" branchCoverage="0" maxCyclomaticComplexity="2" minCyclomaticComplexity="2" visitedClasses="0" numClasses="1" visitedMethods="0" numMethods="1" />
          <FullName>Lwt.Controllers.UserController/&lt;GetAsync&gt;d__3</FullName>
          <Methods>
            <Method cyclomaticComplexity="2" nPathComplexity="0" sequenceCoverage="0" branchCoverage="0" isConstructor="False" isGetter="False" isSetter="False" isStatic="True">
              <Summary numSequencePoints="5" visitedSequencePoints="0" numBranchPoints="2" visitedBranchPoints="0" sequenceCoverage="0" branchCoverage="0" maxCyclomaticComplexity="2" minCyclomaticComplexity="2" visitedClasses="0" numClasses="0" visitedMethods="0" numMethods="1" />
              <MetadataToken />
              <Name>System.Void Lwt.Controllers.UserController/&lt;GetAsync&gt;d__3::MoveNext()</Name>
              <FileRef uid="80" />
              <SequencePoints>
                <SequencePoint vc="0" uspid="39" ordinal="0" sl="39" sc="1" el="39" ec="2" bec="0" bev="0" fileid="80" />
                <SequencePoint vc="0" uspid="40" ordinal="1" sl="40" sc="1" el="40" ec="2" bec="0" bev="0" fileid="80" />
                <SequencePoint vc="0" uspid="41" ordinal="2" sl="41" sc="1" el="41" ec="2" bec="0" bev="0" fileid="80" />
                <SequencePoint vc="0" uspid="42" ordinal="3" sl="42" sc="1" el="42" ec="2" bec="0" bev="0" fileid="80" />
                <SequencePoint vc="0" uspid="43" ordinal="4" sl="43" sc="1" el="43" ec="2" bec="0" bev="0" fileid="80" />
              </SequencePoints>
              <BranchPoints>
                <BranchPoint vc="0" uspid="41" ordinal="0" path="0" offset="83" offsetend="85" sl="41" fileid="80" />
                <BranchPoint vc="0" uspid="41" ordinal="1" path="1" offset="83" offsetend="149" sl="41" fileid="80" />
              </BranchPoints>
              <MethodPoint vc="0" uspid="0" p8:type="SequencePoint" ordinal="0" offset="0" sc="0" sl="39" ec="1" el="43" bec="0" bev="0" fileid="80" xmlns:p8="xsi" />
            </Method>
          </Methods>
        </Class>
        <Class>
          <Summary numSequencePoints="5" visitedSequencePoints="0" numBranchPoints="2" visitedBranchPoints="0" sequenceCoverage="0" branchCoverage="0" maxCyclomaticComplexity="2" minCyclomaticComplexity="2" visitedClasses="0" numClasses="1" visitedMethods="0" numMethods="1" />
          <FullName>Lwt.Controllers.UserController/&lt;GetSettingAsync&gt;d__4</FullName>
          <Methods>
            <Method cyclomaticComplexity="2" nPathComplexity="0" sequenceCoverage="0" branchCoverage="0" isConstructor="False" isGetter="False" isSetter="False" isStatic="True">
              <Summary numSequencePoints="5" visitedSequencePoints="0" numBranchPoints="2" visitedBranchPoints="0" sequenceCoverage="0" branchCoverage="0" maxCyclomaticComplexity="2" minCyclomaticComplexity="2" visitedClasses="0" numClasses="0" visitedMethods="0" numMethods="1" />
              <MetadataToken />
              <Name>System.Void Lwt.Controllers.UserController/&lt;GetSettingAsync&gt;d__4::MoveNext()</Name>
              <FileRef uid="80" />
              <SequencePoints>
                <SequencePoint vc="0" uspid="51" ordinal="0" sl="51" sc="1" el="51" ec="2" bec="0" bev="0" fileid="80" />
                <SequencePoint vc="0" uspid="52" ordinal="1" sl="52" sc="1" el="52" ec="2" bec="0" bev="0" fileid="80" />
                <SequencePoint vc="0" uspid="53" ordinal="2" sl="53" sc="1" el="53" ec="2" bec="0" bev="0" fileid="80" />
                <SequencePoint vc="0" uspid="54" ordinal="3" sl="54" sc="1" el="54" ec="2" bec="0" bev="0" fileid="80" />
                <SequencePoint vc="0" uspid="55" ordinal="4" sl="55" sc="1" el="55" ec="2" bec="0" bev="0" fileid="80" />
              </SequencePoints>
              <BranchPoints>
                <BranchPoint vc="0" uspid="53" ordinal="0" path="0" offset="83" offsetend="85" sl="53" fileid="80" />
                <BranchPoint vc="0" uspid="53" ordinal="1" path="1" offset="83" offsetend="149" sl="53" fileid="80" />
              </BranchPoints>
              <MethodPoint vc="0" uspid="0" p8:type="SequencePoint" ordinal="0" offset="0" sc="0" sl="51" ec="1" el="55" bec="0" bev="0" fileid="80" xmlns:p8="xsi" />
            </Method>
          </Methods>
        </Class>
        <Class>
          <Summary numSequencePoints="5" visitedSequencePoints="0" numBranchPoints="2" visitedBranchPoints="0" sequenceCoverage="0" branchCoverage="0" maxCyclomaticComplexity="2" minCyclomaticComplexity="2" visitedClasses="0" numClasses="1" visitedMethods="0" numMethods="1" />
          <FullName>Lwt.Controllers.UserController/&lt;GetSettingAsync&gt;d__5</FullName>
          <Methods>
            <Method cyclomaticComplexity="2" nPathComplexity="0" sequenceCoverage="0" branchCoverage="0" isConstructor="False" isGetter="False" isSetter="False" isStatic="True">
              <Summary numSequencePoints="5" visitedSequencePoints="0" numBranchPoints="2" visitedBranchPoints="0" sequenceCoverage="0" branchCoverage="0" maxCyclomaticComplexity="2" minCyclomaticComplexity="2" visitedClasses="0" numClasses="0" visitedMethods="0" numMethods="1" />
              <MetadataToken />
              <Name>System.Void Lwt.Controllers.UserController/&lt;GetSettingAsync&gt;d__5::MoveNext()</Name>
              <FileRef uid="80" />
              <SequencePoints>
                <SequencePoint vc="0" uspid="64" ordinal="0" sl="64" sc="1" el="64" ec="2" bec="0" bev="0" fileid="80" />
                <SequencePoint vc="0" uspid="65" ordinal="1" sl="65" sc="1" el="65" ec="2" bec="0" bev="0" fileid="80" />
                <SequencePoint vc="0" uspid="66" ordinal="2" sl="66" sc="1" el="66" ec="2" bec="0" bev="0" fileid="80" />
                <SequencePoint vc="0" uspid="67" ordinal="3" sl="67" sc="1" el="67" ec="2" bec="0" bev="0" fileid="80" />
                <SequencePoint vc="0" uspid="68" ordinal="4" sl="68" sc="1" el="68" ec="2" bec="0" bev="0" fileid="80" />
              </SequencePoints>
              <BranchPoints>
                <BranchPoint vc="0" uspid="66" ordinal="0" path="0" offset="89" offsetend="91" sl="66" fileid="80" />
                <BranchPoint vc="0" uspid="66" ordinal="1" path="1" offset="89" offsetend="155" sl="66" fileid="80" />
              </BranchPoints>
              <MethodPoint vc="0" uspid="0" p8:type="SequencePoint" ordinal="0" offset="0" sc="0" sl="64" ec="1" el="68" bec="0" bev="0" fileid="80" xmlns:p8="xsi" />
            </Method>
          </Methods>
        </Class>
        <Class>
          <Summary numSequencePoints="4" visitedSequencePoints="4" numBranchPoints="1" visitedBranchPoints="1" sequenceCoverage="100" branchCoverage="100" maxCyclomaticComplexity="1" minCyclomaticComplexity="1" visitedClasses="1" numClasses="1" visitedMethods="1" numMethods="1" />
          <FullName>Lwt.Controllers.UserController/&lt;SignUpAsync&gt;d__6</FullName>
          <Methods>
            <Method cyclomaticComplexity="1" nPathComplexity="0" sequenceCoverage="100" branchCoverage="100" isConstructor="False" isGetter="False" isSetter="False" isStatic="True">
              <Summary numSequencePoints="4" visitedSequencePoints="4" numBranchPoints="1" visitedBranchPoints="1" sequenceCoverage="100" branchCoverage="100" maxCyclomaticComplexity="1" minCyclomaticComplexity="1" visitedClasses="0" numClasses="0" visitedMethods="1" numMethods="1" />
              <MetadataToken />
              <Name>System.Void Lwt.Controllers.UserController/&lt;SignUpAsync&gt;d__6::MoveNext()</Name>
              <FileRef uid="80" />
              <SequencePoints>
                <SequencePoint vc="1" uspid="77" ordinal="0" sl="77" sc="1" el="77" ec="2" bec="0" bev="0" fileid="80" />
                <SequencePoint vc="1" uspid="78" ordinal="1" sl="78" sc="1" el="78" ec="2" bec="0" bev="0" fileid="80" />
                <SequencePoint vc="1" uspid="80" ordinal="2" sl="80" sc="1" el="80" ec="2" bec="0" bev="0" fileid="80" />
                <SequencePoint vc="1" uspid="81" ordinal="3" sl="81" sc="1" el="81" ec="2" bec="0" bev="0" fileid="80" />
              </SequencePoints>
              <BranchPoints>
                <BranchPoint vc="1" uspid="78" ordinal="1" path="1" offset="66" offsetend="132" sl="78" fileid="80" />
              </BranchPoints>
              <MethodPoint vc="4" uspid="0" p8:type="SequencePoint" ordinal="0" offset="0" sc="0" sl="77" ec="1" el="81" bec="0" bev="0" fileid="80" xmlns:p8="xsi" />
            </Method>
          </Methods>
        </Class>
        <Class>
          <Summary numSequencePoints="7" visitedSequencePoints="7" numBranchPoints="3" visitedBranchPoints="3" sequenceCoverage="100" branchCoverage="100" maxCyclomaticComplexity="3" minCyclomaticComplexity="3" visitedClasses="1" numClasses="1" visitedMethods="1" numMethods="1" />
          <FullName>Lwt.Controllers.UserController/&lt;LoginAsync&gt;d__7</FullName>
          <Methods>
            <Method cyclomaticComplexity="3" nPathComplexity="0" sequenceCoverage="100" branchCoverage="100" isConstructor="False" isGetter="False" isSetter="False" isStatic="True">
              <Summary numSequencePoints="7" visitedSequencePoints="7" numBranchPoints="3" visitedBranchPoints="3" sequenceCoverage="100" branchCoverage="100" maxCyclomaticComplexity="3" minCyclomaticComplexity="3" visitedClasses="0" numClasses="0" visitedMethods="1" numMethods="1" />
              <MetadataToken />
              <Name>System.Void Lwt.Controllers.UserController/&lt;LoginAsync&gt;d__7::MoveNext()</Name>
              <FileRef uid="80" />
              <SequencePoints>
                <SequencePoint vc="2" uspid="90" ordinal="0" sl="90" sc="1" el="90" ec="2" bec="0" bev="0" fileid="80" />
                <SequencePoint vc="2" uspid="91" ordinal="1" sl="91" sc="1" el="91" ec="2" bec="0" bev="0" fileid="80" />
                <SequencePoint vc="1" uspid="92" ordinal="2" sl="92" sc="1" el="92" ec="2" bec="0" bev="0" fileid="80" />
                <SequencePoint vc="1" uspid="93" ordinal="3" sl="93" sc="1" el="93" ec="2" bec="0" bev="0" fileid="80" />
                <SequencePoint vc="1" uspid="96" ordinal="4" sl="96" sc="1" el="96" ec="2" bec="0" bev="0" fileid="80" />
                <SequencePoint vc="1" uspid="98" ordinal="5" sl="98" sc="1" el="98" ec="2" bec="0" bev="0" fileid="80" />
                <SequencePoint vc="2" uspid="99" ordinal="6" sl="99" sc="1" el="99" ec="2" bec="0" bev="0" fileid="80" />
              </SequencePoints>
              <BranchPoints>
                <BranchPoint vc="1" uspid="91" ordinal="0" path="0" offset="39" offsetend="41" sl="91" fileid="80" />
                <BranchPoint vc="1" uspid="91" ordinal="1" path="1" offset="39" offsetend="59" sl="91" fileid="80" />
                <BranchPoint vc="1" uspid="96" ordinal="3" path="1" offset="110" offsetend="180" sl="96" fileid="80" />
              </BranchPoints>
              <MethodPoint vc="7" uspid="0" p8:type="SequencePoint" ordinal="0" offset="0" sc="0" sl="90" ec="1" el="99" bec="0" bev="0" fileid="80" xmlns:p8="xsi" />
            </Method>
          </Methods>
        </Class>
        <Class>
          <Summary numSequencePoints="5" visitedSequencePoints="0" numBranchPoints="2" visitedBranchPoints="0" sequenceCoverage="0" branchCoverage="0" maxCyclomaticComplexity="2" minCyclomaticComplexity="2" visitedClasses="0" numClasses="1" visitedMethods="0" numMethods="1" />
          <FullName>Lwt.Controllers.UserController/&lt;ChangePasswordAsync&gt;d__8</FullName>
          <Methods>
            <Method cyclomaticComplexity="2" nPathComplexity="0" sequenceCoverage="0" branchCoverage="0" isConstructor="False" isGetter="False" isSetter="False" isStatic="True">
              <Summary numSequencePoints="5" visitedSequencePoints="0" numBranchPoints="2" visitedBranchPoints="0" sequenceCoverage="0" branchCoverage="0" maxCyclomaticComplexity="2" minCyclomaticComplexity="2" visitedClasses="0" numClasses="0" visitedMethods="0" numMethods="1" />
              <MetadataToken />
              <Name>System.Void Lwt.Controllers.UserController/&lt;ChangePasswordAsync&gt;d__8::MoveNext()</Name>
              <FileRef uid="80" />
              <SequencePoints>
                <SequencePoint vc="0" uspid="109" ordinal="0" sl="109" sc="1" el="109" ec="2" bec="0" bev="0" fileid="80" />
                <SequencePoint vc="0" uspid="110" ordinal="1" sl="110" sc="1" el="110" ec="2" bec="0" bev="0" fileid="80" />
                <SequencePoint vc="0" uspid="111" ordinal="2" sl="111" sc="1" el="111" ec="2" bec="0" bev="0" fileid="80" />
                <SequencePoint vc="0" uspid="112" ordinal="3" sl="112" sc="1" el="112" ec="2" bec="0" bev="0" fileid="80" />
                <SequencePoint vc="0" uspid="113" ordinal="4" sl="113" sc="1" el="113" ec="2" bec="0" bev="0" fileid="80" />
              </SequencePoints>
              <BranchPoints>
                <BranchPoint vc="0" uspid="111" ordinal="0" path="0" offset="89" offsetend="91" sl="111" fileid="80" />
                <BranchPoint vc="0" uspid="111" ordinal="1" path="1" offset="89" offsetend="155" sl="111" fileid="80" />
              </BranchPoints>
              <MethodPoint vc="0" uspid="0" p8:type="SequencePoint" ordinal="0" offset="0" sc="0" sl="109" ec="1" el="113" bec="0" bev="0" fileid="80" xmlns:p8="xsi" />
            </Method>
          </Methods>
        </Class>
      </Classes>
    </Module>
  </Modules>
</CoverageSession>